{"/home/travis/build/npmtest/node-npmtest-react-style/test.js":{"path":"/home/travis/build/npmtest/node-npmtest-react-style/test.js","s":{"1":2,"2":2,"3":2,"4":2,"5":2,"6":2,"7":2,"8":1,"9":2,"10":2,"11":1,"12":1,"13":1,"14":1,"15":2,"16":2,"17":2,"18":2,"19":1,"20":1,"21":2,"22":2,"23":2,"24":1,"25":1,"26":1,"27":1,"28":1,"29":1,"30":1,"31":1,"32":1,"33":1,"34":1,"35":1,"36":1,"37":1,"38":1,"39":2,"40":2,"41":1,"42":2,"43":2,"44":1,"45":2,"46":2,"47":1,"48":2,"49":2,"50":1,"51":1,"52":1,"53":1,"54":1},"b":{"1":[2,1,1,1],"2":[1,1,1,1],"3":[1,1],"4":[1,1],"5":[1,1],"6":[1,1],"7":[1,1],"8":[1,1],"9":[1,1],"10":[1,1,1],"11":[1,1],"12":[1,1],"13":[1,1],"14":[1,1],"15":[1,1],"16":[1,1],"17":[1,1]},"f":{"1":2,"2":2,"3":2,"4":2,"5":2,"6":1,"7":1,"8":1,"9":2,"10":2,"11":2,"12":2,"13":1},"fnMap":{"1":{"name":"(anonymous_1)","line":12,"loc":{"start":{"line":12,"column":1},"end":{"line":12,"column":13}}},"2":{"name":"(anonymous_2)","line":19,"loc":{"start":{"line":19,"column":5},"end":{"line":19,"column":17}}},"3":{"name":"(anonymous_3)","line":23,"loc":{"start":{"line":23,"column":24},"end":{"line":23,"column":36}}},"4":{"name":"(anonymous_4)","line":61,"loc":{"start":{"line":61,"column":5},"end":{"line":61,"column":17}}},"5":{"name":"(anonymous_5)","line":82,"loc":{"start":{"line":82,"column":5},"end":{"line":82,"column":17}}},"6":{"name":"(anonymous_6)","line":91,"loc":{"start":{"line":91,"column":77},"end":{"line":94,"column":10}}},"7":{"name":"(anonymous_7)","line":112,"loc":{"start":{"line":112,"column":83},"end":{"line":115,"column":10}},"skip":true},"8":{"name":"(anonymous_8)","line":123,"loc":{"start":{"line":123,"column":77},"end":{"line":126,"column":10}},"skip":true},"9":{"name":"(anonymous_9)","line":139,"loc":{"start":{"line":139,"column":12},"end":{"line":139,"column":40}},"skip":true},"10":{"name":"(anonymous_10)","line":147,"loc":{"start":{"line":147,"column":77},"end":{"line":150,"column":10}},"skip":true},"11":{"name":"(anonymous_11)","line":158,"loc":{"start":{"line":158,"column":83},"end":{"line":161,"column":10}},"skip":true},"12":{"name":"(anonymous_12)","line":169,"loc":{"start":{"line":169,"column":79},"end":{"line":172,"column":10}},"skip":true},"13":{"name":"(anonymous_13)","line":180,"loc":{"start":{"line":180,"column":75},"end":{"line":183,"column":10}},"skip":true}},"statementMap":{"1":{"start":{"line":12,"column":0},"end":{"line":195,"column":5}},"2":{"start":{"line":14,"column":4},"end":{"line":14,"column":14}},"3":{"start":{"line":19,"column":4},"end":{"line":56,"column":9}},"4":{"start":{"line":21,"column":8},"end":{"line":21,"column":19}},"5":{"start":{"line":23,"column":8},"end":{"line":35,"column":13}},"6":{"start":{"line":24,"column":12},"end":{"line":34,"column":13}},"7":{"start":{"line":25,"column":16},"end":{"line":28,"column":30}},"8":{"start":{"line":30,"column":16},"end":{"line":33,"column":27}},"9":{"start":{"line":37,"column":8},"end":{"line":39,"column":21}},"10":{"start":{"line":40,"column":8},"end":{"line":53,"column":9}},"11":{"start":{"line":43,"column":12},"end":{"line":46,"column":14}},"12":{"start":{"line":47,"column":12},"end":{"line":47,"column":18}},"13":{"start":{"line":50,"column":12},"end":{"line":51,"column":33}},"14":{"start":{"line":52,"column":12},"end":{"line":52,"column":18}},"15":{"start":{"line":55,"column":8},"end":{"line":55,"column":35}},"16":{"start":{"line":61,"column":4},"end":{"line":63,"column":9}},"17":{"start":{"line":62,"column":8},"end":{"line":62,"column":15}},"18":{"start":{"line":64,"column":4},"end":{"line":77,"column":5}},"19":{"start":{"line":70,"column":8},"end":{"line":70,"column":14}},"20":{"start":{"line":76,"column":8},"end":{"line":76,"column":14}},"21":{"start":{"line":82,"column":4},"end":{"line":84,"column":9}},"22":{"start":{"line":83,"column":8},"end":{"line":83,"column":15}},"23":{"start":{"line":85,"column":4},"end":{"line":194,"column":5}},"24":{"start":{"line":91,"column":8},"end":{"line":99,"column":10}},"25":{"start":{"line":98,"column":12},"end":{"line":98,"column":35}},"26":{"start":{"line":102,"column":8},"end":{"line":104,"column":63}},"27":{"start":{"line":105,"column":8},"end":{"line":105,"column":14}},"28":{"start":{"line":112,"column":8},"end":{"line":121,"column":10},"skip":true},"29":{"start":{"line":119,"column":12},"end":{"line":119,"column":55},"skip":true},"30":{"start":{"line":120,"column":12},"end":{"line":120,"column":48},"skip":true},"31":{"start":{"line":123,"column":8},"end":{"line":136,"column":10},"skip":true},"32":{"start":{"line":130,"column":12},"end":{"line":130,"column":76},"skip":true},"33":{"start":{"line":131,"column":12},"end":{"line":131,"column":73},"skip":true},"34":{"start":{"line":132,"column":12},"end":{"line":132,"column":74},"skip":true},"35":{"start":{"line":133,"column":12},"end":{"line":133,"column":79},"skip":true},"36":{"start":{"line":134,"column":12},"end":{"line":134,"column":25},"skip":true},"37":{"start":{"line":135,"column":12},"end":{"line":135,"column":45},"skip":true},"38":{"start":{"line":138,"column":8},"end":{"line":145,"column":14},"skip":true},"39":{"start":{"line":143,"column":16},"end":{"line":143,"column":29},"skip":true},"40":{"start":{"line":144,"column":16},"end":{"line":144,"column":55},"skip":true},"41":{"start":{"line":147,"column":8},"end":{"line":156,"column":10},"skip":true},"42":{"start":{"line":154,"column":12},"end":{"line":154,"column":25},"skip":true},"43":{"start":{"line":155,"column":12},"end":{"line":155,"column":45},"skip":true},"44":{"start":{"line":158,"column":8},"end":{"line":167,"column":10},"skip":true},"45":{"start":{"line":165,"column":12},"end":{"line":165,"column":25},"skip":true},"46":{"start":{"line":166,"column":12},"end":{"line":166,"column":48},"skip":true},"47":{"start":{"line":169,"column":8},"end":{"line":178,"column":10},"skip":true},"48":{"start":{"line":176,"column":12},"end":{"line":176,"column":25},"skip":true},"49":{"start":{"line":177,"column":12},"end":{"line":177,"column":46},"skip":true},"50":{"start":{"line":180,"column":8},"end":{"line":189,"column":10},"skip":true},"51":{"start":{"line":187,"column":12},"end":{"line":187,"column":94},"skip":true},"52":{"start":{"line":188,"column":12},"end":{"line":188,"column":48},"skip":true},"53":{"start":{"line":192,"column":8},"end":{"line":192,"column":35},"skip":true},"54":{"start":{"line":193,"column":8},"end":{"line":193,"column":14},"skip":true}},"branchMap":{"1":{"line":25,"type":"binary-expr","locations":[{"start":{"line":25,"column":23},"end":{"line":25,"column":62}},{"start":{"line":26,"column":20},"end":{"line":26,"column":70}},{"start":{"line":27,"column":20},"end":{"line":27,"column":71}},{"start":{"line":28,"column":20},"end":{"line":28,"column":29}}]},"2":{"line":30,"type":"binary-expr","locations":[{"start":{"line":30,"column":23},"end":{"line":30,"column":37}},{"start":{"line":31,"column":20},"end":{"line":31,"column":61}},{"start":{"line":32,"column":20},"end":{"line":32,"column":70}},{"start":{"line":33,"column":20},"end":{"line":33,"column":26}}]},"3":{"line":37,"type":"cond-expr","locations":[{"start":{"line":38,"column":14},"end":{"line":38,"column":20}},{"start":{"line":39,"column":14},"end":{"line":39,"column":20}}]},"4":{"line":40,"type":"switch","locations":[{"start":{"line":42,"column":8},"end":{"line":47,"column":18}},{"start":{"line":49,"column":8},"end":{"line":52,"column":18}}]},"5":{"line":44,"type":"binary-expr","locations":[{"start":{"line":44,"column":16},"end":{"line":44,"column":44}},{"start":{"line":44,"column":48},"end":{"line":44,"column":66}}]},"6":{"line":50,"type":"binary-expr","locations":[{"start":{"line":50,"column":21},"end":{"line":50,"column":49}},{"start":{"line":50,"column":53},"end":{"line":50,"column":72}}]},"7":{"line":64,"type":"switch","locations":[{"start":{"line":69,"column":4},"end":{"line":70,"column":14}},{"start":{"line":75,"column":4},"end":{"line":76,"column":14}}]},"8":{"line":85,"type":"switch","locations":[{"start":{"line":90,"column":4},"end":{"line":105,"column":14}},{"start":{"line":111,"column":4},"end":{"line":193,"column":14},"skip":true}]},"9":{"line":91,"type":"binary-expr","locations":[{"start":{"line":91,"column":42},"end":{"line":91,"column":73}},{"start":{"line":91,"column":77},"end":{"line":99,"column":9}}]},"10":{"line":102,"type":"binary-expr","locations":[{"start":{"line":102,"column":18},"end":{"line":102,"column":32}},{"start":{"line":103,"column":12},"end":{"line":103,"column":53}},{"start":{"line":104,"column":12},"end":{"line":104,"column":61}}]},"11":{"line":112,"type":"binary-expr","locations":[{"start":{"line":112,"column":45},"end":{"line":112,"column":79},"skip":true},{"start":{"line":112,"column":83},"end":{"line":121,"column":9},"skip":true}]},"12":{"line":123,"type":"binary-expr","locations":[{"start":{"line":123,"column":42},"end":{"line":123,"column":73},"skip":true},{"start":{"line":123,"column":77},"end":{"line":136,"column":9},"skip":true}]},"13":{"line":138,"type":"binary-expr","locations":[{"start":{"line":138,"column":48},"end":{"line":138,"column":85},"skip":true},{"start":{"line":139,"column":12},"end":{"line":145,"column":13},"skip":true}]},"14":{"line":147,"type":"binary-expr","locations":[{"start":{"line":147,"column":42},"end":{"line":147,"column":73},"skip":true},{"start":{"line":147,"column":77},"end":{"line":156,"column":9},"skip":true}]},"15":{"line":158,"type":"binary-expr","locations":[{"start":{"line":158,"column":45},"end":{"line":158,"column":79},"skip":true},{"start":{"line":158,"column":83},"end":{"line":167,"column":9},"skip":true}]},"16":{"line":169,"type":"binary-expr","locations":[{"start":{"line":169,"column":43},"end":{"line":169,"column":75},"skip":true},{"start":{"line":169,"column":79},"end":{"line":178,"column":9},"skip":true}]},"17":{"line":180,"type":"binary-expr","locations":[{"start":{"line":180,"column":41},"end":{"line":180,"column":71},"skip":true},{"start":{"line":180,"column":75},"end":{"line":189,"column":9},"skip":true}]}},"code":["/* istanbul instrument in package npmtest_react_style */","/*jslint","    bitwise: true,","    browser: true,","    maxerr: 8,","    maxlen: 96,","    node: true,","    nomen: true,","    regexp: true,","    stupid: true","*/","(function () {","    'use strict';","    var local;","","","","    // run shared js-env code - pre-init","    (function () {","        // init local","        local = {};","        // init modeJs","        local.modeJs = (function () {","            try {","                return typeof navigator.userAgent === 'string' &&","                    typeof document.querySelector('body') === 'object' &&","                    typeof XMLHttpRequest.prototype.open === 'function' &&","                    'browser';","            } catch (errorCaughtBrowser) {","                return module.exports &&","                    typeof process.versions.node === 'string' &&","                    typeof require('http').createServer === 'function' &&","                    'node';","            }","        }());","        // init global","        local.global = local.modeJs === 'browser'","            ? window","            : global;","        switch (local.modeJs) {","        // re-init local from window.local","        case 'browser':","            local = local.global.utility2.objectSetDefault(","                local.global.utility2_rollup || local.global.local,","                local.global.utility2","            );","            break;","        // re-init local from example.js","        case 'node':","            local = (local.global.utility2_rollup || require('utility2'))","                .requireReadme();","            break;","        }","        // export local","        local.global.local = local;","    }());","","","","    // run shared js-env code - function","    (function () {","        return;","    }());","    switch (local.modeJs) {","","","","    // run browser js-env code - function","    case 'browser':","        break;","","","","    // run node js-env code - function","    case 'node':","        break;","    }","","","","    // run shared js-env code - post-init","    (function () {","        return;","    }());","    switch (local.modeJs) {","","","","    // run browser js-env code - post-init","    case 'browser':","        local.testCase_browser_nullCase = local.testCase_browser_nullCase || function (","            options,","            onError","        ) {","        /*","         * this function will test browsers's null-case handling-behavior-behavior","         */","            onError(null, options);","        };","","        // run tests","        local.nop(local.modeTest &&","            document.querySelector('#testRunButton1') &&","            document.querySelector('#testRunButton1').click());","        break;","","","","    // run node js-env code - post-init","    /* istanbul ignore next */","    case 'node':","        local.testCase_buildApidoc_default = local.testCase_buildApidoc_default || function (","            options,","            onError","        ) {","        /*","         * this function will test buildApidoc's default handling-behavior-behavior","         */","            options = { modulePathList: module.paths };","            local.buildApidoc(options, onError);","        };","","        local.testCase_buildApp_default = local.testCase_buildApp_default || function (","            options,","            onError","        ) {","        /*","         * this function will test buildApp's default handling-behavior-behavior","         */","            local.testCase_buildReadme_default(options, local.onErrorThrow);","            local.testCase_buildLib_default(options, local.onErrorThrow);","            local.testCase_buildTest_default(options, local.onErrorThrow);","            local.testCase_buildCustomOrg_default(options, local.onErrorThrow);","            options = [];","            local.buildApp(options, onError);","        };","","        local.testCase_buildCustomOrg_default = local.testCase_buildCustomOrg_default ||","            function (options, onError) {","            /*","             * this function will test buildCustomOrg's default handling-behavior","             */","                options = {};","                local.buildCustomOrg(options, onError);","            };","","        local.testCase_buildLib_default = local.testCase_buildLib_default || function (","            options,","            onError","        ) {","        /*","         * this function will test buildLib's default handling-behavior","         */","            options = {};","            local.buildLib(options, onError);","        };","","        local.testCase_buildReadme_default = local.testCase_buildReadme_default || function (","            options,","            onError","        ) {","        /*","         * this function will test buildReadme's default handling-behavior-behavior","         */","            options = {};","            local.buildReadme(options, onError);","        };","","        local.testCase_buildTest_default = local.testCase_buildTest_default || function (","            options,","            onError","        ) {","        /*","         * this function will test buildTest's default handling-behavior","         */","            options = {};","            local.buildTest(options, onError);","        };","","        local.testCase_webpage_default = local.testCase_webpage_default || function (","            options,","            onError","        ) {","        /*","         * this function will test webpage's default handling-behavior","         */","            options = { modeCoverageMerge: true, url: local.serverLocalHost + '?modeTest=1' };","            local.browserTest(options, onError);","        };","","        // run test-server","        local.testRunServer(local);","        break;","    }","}());",""],"l":{"12":2,"14":2,"19":2,"21":2,"23":2,"24":2,"25":2,"30":1,"37":2,"40":2,"43":1,"47":1,"50":1,"52":1,"55":2,"61":2,"62":2,"64":2,"70":1,"76":1,"82":2,"83":2,"85":2,"91":1,"98":1,"102":1,"105":1,"112":1,"119":1,"120":1,"123":1,"130":1,"131":1,"132":1,"133":1,"134":1,"135":1,"138":1,"143":2,"144":2,"147":1,"154":2,"155":2,"158":1,"165":2,"166":2,"169":1,"176":2,"177":2,"180":1,"187":1,"188":1,"192":1,"193":1}},"/home/travis/build/npmtest/node-npmtest-react-style/lib.npmtest_react_style.js":{"path":"/home/travis/build/npmtest/node-npmtest-react-style/lib.npmtest_react_style.js","s":{"1":2,"2":2,"3":2,"4":2,"5":2,"6":2,"7":2,"8":1,"9":2,"10":2,"11":2,"12":2,"13":1,"14":1,"15":1,"16":1},"b":{"1":[2,1,1,1],"2":[1,1,1,1],"3":[1,1],"4":[2,2],"5":[1,1]},"f":{"1":2,"2":2,"3":2},"fnMap":{"1":{"name":"(anonymous_1)","line":12,"loc":{"start":{"line":12,"column":1},"end":{"line":12,"column":13}}},"2":{"name":"(anonymous_2)","line":19,"loc":{"start":{"line":19,"column":5},"end":{"line":19,"column":17}}},"3":{"name":"(anonymous_3)","line":23,"loc":{"start":{"line":23,"column":24},"end":{"line":23,"column":36}}}},"statementMap":{"1":{"start":{"line":12,"column":0},"end":{"line":53,"column":5}},"2":{"start":{"line":14,"column":4},"end":{"line":14,"column":14}},"3":{"start":{"line":19,"column":4},"end":{"line":52,"column":9}},"4":{"start":{"line":21,"column":8},"end":{"line":21,"column":19}},"5":{"start":{"line":23,"column":8},"end":{"line":35,"column":13}},"6":{"start":{"line":24,"column":12},"end":{"line":34,"column":13}},"7":{"start":{"line":25,"column":16},"end":{"line":28,"column":30}},"8":{"start":{"line":30,"column":16},"end":{"line":33,"column":27}},"9":{"start":{"line":37,"column":8},"end":{"line":39,"column":21}},"10":{"start":{"line":41,"column":8},"end":{"line":41,"column":54}},"11":{"start":{"line":43,"column":8},"end":{"line":43,"column":56}},"12":{"start":{"line":45,"column":8},"end":{"line":51,"column":9}},"13":{"start":{"line":46,"column":12},"end":{"line":46,"column":62}},"14":{"start":{"line":48,"column":12},"end":{"line":48,"column":35}},"15":{"start":{"line":49,"column":12},"end":{"line":49,"column":49}},"16":{"start":{"line":50,"column":12},"end":{"line":50,"column":43}}},"branchMap":{"1":{"line":25,"type":"binary-expr","locations":[{"start":{"line":25,"column":23},"end":{"line":25,"column":62}},{"start":{"line":26,"column":20},"end":{"line":26,"column":70}},{"start":{"line":27,"column":20},"end":{"line":27,"column":71}},{"start":{"line":28,"column":20},"end":{"line":28,"column":29}}]},"2":{"line":30,"type":"binary-expr","locations":[{"start":{"line":30,"column":23},"end":{"line":30,"column":37}},{"start":{"line":31,"column":20},"end":{"line":31,"column":61}},{"start":{"line":32,"column":20},"end":{"line":32,"column":70}},{"start":{"line":33,"column":20},"end":{"line":33,"column":26}}]},"3":{"line":37,"type":"cond-expr","locations":[{"start":{"line":38,"column":14},"end":{"line":38,"column":20}},{"start":{"line":39,"column":14},"end":{"line":39,"column":20}}]},"4":{"line":41,"type":"binary-expr","locations":[{"start":{"line":41,"column":16},"end":{"line":41,"column":44}},{"start":{"line":41,"column":48},"end":{"line":41,"column":53}}]},"5":{"line":45,"type":"if","locations":[{"start":{"line":45,"column":8},"end":{"line":45,"column":8}},{"start":{"line":45,"column":8},"end":{"line":45,"column":8}}]}},"code":["/* istanbul instrument in package npmtest_react_style */","/*jslint","    bitwise: true,","    browser: true,","    maxerr: 8,","    maxlen: 96,","    node: true,","    nomen: true,","    regexp: true,","    stupid: true","*/","(function () {","    'use strict';","    var local;","","","","    // run shared js-env code - pre-init","    (function () {","        // init local","        local = {};","        // init modeJs","        local.modeJs = (function () {","            try {","                return typeof navigator.userAgent === 'string' &&","                    typeof document.querySelector('body') === 'object' &&","                    typeof XMLHttpRequest.prototype.open === 'function' &&","                    'browser';","            } catch (errorCaughtBrowser) {","                return module.exports &&","                    typeof process.versions.node === 'string' &&","                    typeof require('http').createServer === 'function' &&","                    'node';","            }","        }());","        // init global","        local.global = local.modeJs === 'browser'","            ? window","            : global;","        // init utility2_rollup","        local = local.global.utility2_rollup || local;","        // init lib","        local.local = local.npmtest_react_style = local;","        // init exports","        if (local.modeJs === 'browser') {","            local.global.utility2_npmtest_react_style = local;","        } else {","            module.exports = local;","            module.exports.__dirname = __dirname;","            module.exports.module = module;","        }","    }());","}());",""],"l":{"12":2,"14":2,"19":2,"21":2,"23":2,"24":2,"25":2,"30":1,"37":2,"41":2,"43":2,"45":2,"46":1,"48":1,"49":1,"50":1}},"/home/travis/build/npmtest/node-npmtest-react-style/example.js":{"path":"/home/travis/build/npmtest/node-npmtest-react-style/example.js","s":{"1":2,"2":2,"3":2,"4":2,"5":2,"6":2,"7":2,"8":1,"9":2,"10":2,"11":2,"12":2,"13":1,"14":2,"15":2,"16":2,"17":2,"18":2,"19":0,"20":2,"21":1,"22":1,"23":1,"24":1,"25":1,"26":0,"27":0,"28":1,"29":1,"30":2,"31":0,"32":0,"33":0,"34":1,"35":2,"36":2,"37":3,"38":3,"39":3,"40":3,"41":0,"42":3,"43":3,"44":3,"45":1,"46":3,"47":1,"48":1,"49":1,"50":1,"51":1,"52":1,"53":1,"54":1,"55":1,"56":1,"57":0,"58":1,"59":6,"60":6,"61":1,"62":2,"63":0,"64":2,"65":1,"66":1,"67":0,"68":0,"69":0,"70":0,"71":0,"72":0,"73":0,"74":0,"75":0,"76":0,"77":0,"78":0,"79":0,"80":0,"81":0,"82":0,"83":0},"b":{"1":[2,1,1,1],"2":[1,1,1,1],"3":[1,1],"4":[2,2],"5":[1,1],"6":[1,1],"7":[2,0],"8":[2,1,1,1,1,1],"9":[0,2,0],"10":[1,1],"11":[2,1,1],"12":[1,0],"13":[0,2],"14":[2,0,0,0,0,0,0],"15":[0,3],"16":[3,0],"17":[1,1],"18":[0,1],"19":[1,2,0,2],"20":[1,0],"21":[1,1],"22":[0,0],"23":[0,0],"24":[0,0],"25":[0,0],"26":[0,0],"27":[0,0],"28":[0,0]},"f":{"1":2,"2":2,"3":2,"4":2,"5":2,"6":2,"7":3,"8":3,"9":3,"10":1,"11":6,"12":0},"fnMap":{"1":{"name":"(anonymous_1)","line":26,"loc":{"start":{"line":26,"column":1},"end":{"line":26,"column":13}}},"2":{"name":"(anonymous_2)","line":33,"loc":{"start":{"line":33,"column":5},"end":{"line":33,"column":17}}},"3":{"name":"(anonymous_3)","line":37,"loc":{"start":{"line":37,"column":24},"end":{"line":37,"column":36}}},"4":{"name":"(anonymous_4)","line":69,"loc":{"start":{"line":69,"column":31},"end":{"line":69,"column":48}},"skip":true},"5":{"name":"(anonymous_5)","line":78,"loc":{"start":{"line":78,"column":26},"end":{"line":78,"column":45}},"skip":true},"6":{"name":"(anonymous_6)","line":123,"loc":{"start":{"line":123,"column":33},"end":{"line":123,"column":48}},"skip":true},"7":{"name":"(anonymous_7)","line":125,"loc":{"start":{"line":125,"column":27},"end":{"line":125,"column":39}},"skip":true},"8":{"name":"(anonymous_8)","line":133,"loc":{"start":{"line":133,"column":59},"end":{"line":133,"column":74}},"skip":true},"9":{"name":"(anonymous_9)","line":143,"loc":{"start":{"line":143,"column":45},"end":{"line":143,"column":62}},"skip":true},"10":{"name":"(anonymous_10)","line":144,"loc":{"start":{"line":144,"column":73},"end":{"line":144,"column":92}},"skip":true},"11":{"name":"(anonymous_11)","line":272,"loc":{"start":{"line":272,"column":51},"end":{"line":272,"column":77}},"skip":true},"12":{"name":"(anonymous_12)","line":315,"loc":{"start":{"line":315,"column":32},"end":{"line":315,"column":61}},"skip":true}},"statementMap":{"1":{"start":{"line":26,"column":0},"end":{"line":326,"column":5}},"2":{"start":{"line":28,"column":4},"end":{"line":28,"column":14}},"3":{"start":{"line":33,"column":4},"end":{"line":60,"column":9}},"4":{"start":{"line":35,"column":8},"end":{"line":35,"column":19}},"5":{"start":{"line":37,"column":8},"end":{"line":49,"column":13}},"6":{"start":{"line":38,"column":12},"end":{"line":48,"column":13}},"7":{"start":{"line":39,"column":16},"end":{"line":42,"column":30}},"8":{"start":{"line":44,"column":16},"end":{"line":47,"column":27}},"9":{"start":{"line":51,"column":8},"end":{"line":53,"column":21}},"10":{"start":{"line":55,"column":8},"end":{"line":57,"column":45}},"11":{"start":{"line":59,"column":8},"end":{"line":59,"column":35}},"12":{"start":{"line":61,"column":4},"end":{"line":325,"column":5}},"13":{"start":{"line":69,"column":8},"end":{"line":121,"column":10},"skip":true},"14":{"start":{"line":70,"column":12},"end":{"line":88,"column":13},"skip":true},"15":{"start":{"line":76,"column":16},"end":{"line":87,"column":19},"skip":true},"16":{"start":{"line":79,"column":20},"end":{"line":86,"column":21},"skip":true},"17":{"start":{"line":82,"column":24},"end":{"line":82,"column":43},"skip":true},"18":{"start":{"line":83,"column":24},"end":{"line":83,"column":30},"skip":true},"19":{"start":{"line":85,"column":24},"end":{"line":85,"column":49},"skip":true},"20":{"start":{"line":89,"column":12},"end":{"line":107,"column":13},"skip":true},"21":{"start":{"line":92,"column":16},"end":{"line":102,"column":17},"skip":true},"22":{"start":{"line":93,"column":20},"end":{"line":93,"column":86},"skip":true},"23":{"start":{"line":94,"column":20},"end":{"line":95,"column":45},"skip":true},"24":{"start":{"line":96,"column":20},"end":{"line":96,"column":42},"skip":true},"25":{"start":{"line":97,"column":20},"end":{"line":97,"column":48},"skip":true},"26":{"start":{"line":100,"column":20},"end":{"line":100,"column":85},"skip":true},"27":{"start":{"line":101,"column":20},"end":{"line":101,"column":96},"skip":true},"28":{"start":{"line":103,"column":16},"end":{"line":103,"column":22},"skip":true},"29":{"start":{"line":106,"column":16},"end":{"line":106,"column":22},"skip":true},"30":{"start":{"line":108,"column":12},"end":{"line":120,"column":13},"skip":true},"31":{"start":{"line":114,"column":16},"end":{"line":119,"column":17},"skip":true},"32":{"start":{"line":116,"column":20},"end":{"line":116,"column":78},"skip":true},"33":{"start":{"line":118,"column":20},"end":{"line":118,"column":47},"skip":true},"34":{"start":{"line":123,"column":8},"end":{"line":141,"column":11},"skip":true},"35":{"start":{"line":124,"column":12},"end":{"line":124,"column":54},"skip":true},"36":{"start":{"line":125,"column":12},"end":{"line":140,"column":14},"skip":true},"37":{"start":{"line":126,"column":16},"end":{"line":126,"column":28},"skip":true},"38":{"start":{"line":127,"column":16},"end":{"line":127,"column":69},"skip":true},"39":{"start":{"line":128,"column":16},"end":{"line":128,"column":75},"skip":true},"40":{"start":{"line":129,"column":16},"end":{"line":131,"column":17},"skip":true},"41":{"start":{"line":130,"column":20},"end":{"line":130,"column":27},"skip":true},"42":{"start":{"line":133,"column":16},"end":{"line":137,"column":36},"skip":true},"43":{"start":{"line":134,"column":20},"end":{"line":136,"column":55},"skip":true},"44":{"start":{"line":139,"column":16},"end":{"line":139,"column":57},"skip":true},"45":{"start":{"line":143,"column":8},"end":{"line":147,"column":11},"skip":true},"46":{"start":{"line":144,"column":12},"end":{"line":146,"column":15},"skip":true},"47":{"start":{"line":145,"column":16},"end":{"line":145,"column":70},"skip":true},"48":{"start":{"line":149,"column":8},"end":{"line":149,"column":31},"skip":true},"49":{"start":{"line":150,"column":8},"end":{"line":150,"column":14},"skip":true},"50":{"start":{"line":158,"column":8},"end":{"line":158,"column":31},"skip":true},"51":{"start":{"line":160,"column":8},"end":{"line":160,"column":33},"skip":true},"52":{"start":{"line":161,"column":8},"end":{"line":161,"column":37},"skip":true},"53":{"start":{"line":162,"column":8},"end":{"line":162,"column":35},"skip":true},"54":{"start":{"line":164,"column":8},"end":{"line":164,"column":50},"skip":true},"55":{"start":{"line":166,"column":8},"end":{"line":256,"column":2},"skip":true},"56":{"start":{"line":258,"column":8},"end":{"line":286,"column":9},"skip":true},"57":{"start":{"line":259,"column":12},"end":{"line":269,"column":14},"skip":true},"58":{"start":{"line":271,"column":12},"end":{"line":285,"column":19},"skip":true},"59":{"start":{"line":274,"column":20},"end":{"line":274,"column":35},"skip":true},"60":{"start":{"line":275,"column":20},"end":{"line":284,"column":21},"skip":true},"61":{"start":{"line":277,"column":24},"end":{"line":277,"column":64},"skip":true},"62":{"start":{"line":279,"column":24},"end":{"line":279,"column":40},"skip":true},"63":{"start":{"line":281,"column":24},"end":{"line":281,"column":40},"skip":true},"64":{"start":{"line":283,"column":24},"end":{"line":283,"column":39},"skip":true},"65":{"start":{"line":288,"column":8},"end":{"line":290,"column":9},"skip":true},"66":{"start":{"line":289,"column":12},"end":{"line":289,"column":18},"skip":true},"67":{"start":{"line":291,"column":8},"end":{"line":293,"column":54},"skip":true},"68":{"start":{"line":296,"column":8},"end":{"line":301,"column":37},"skip":true},"69":{"start":{"line":303,"column":8},"end":{"line":303,"column":82},"skip":true},"70":{"start":{"line":306,"column":8},"end":{"line":308,"column":9},"skip":true},"71":{"start":{"line":307,"column":12},"end":{"line":307,"column":82},"skip":true},"72":{"start":{"line":310,"column":8},"end":{"line":312,"column":9},"skip":true},"73":{"start":{"line":311,"column":12},"end":{"line":311,"column":18},"skip":true},"74":{"start":{"line":313,"column":8},"end":{"line":313,"column":54},"skip":true},"75":{"start":{"line":314,"column":8},"end":{"line":314,"column":69},"skip":true},"76":{"start":{"line":315,"column":8},"end":{"line":323,"column":36},"skip":true},"77":{"start":{"line":316,"column":12},"end":{"line":316,"column":61},"skip":true},"78":{"start":{"line":317,"column":12},"end":{"line":320,"column":13},"skip":true},"79":{"start":{"line":318,"column":16},"end":{"line":318,"column":75},"skip":true},"80":{"start":{"line":319,"column":16},"end":{"line":319,"column":23},"skip":true},"81":{"start":{"line":321,"column":12},"end":{"line":321,"column":38},"skip":true},"82":{"start":{"line":322,"column":12},"end":{"line":322,"column":27},"skip":true},"83":{"start":{"line":324,"column":8},"end":{"line":324,"column":14},"skip":true}},"branchMap":{"1":{"line":39,"type":"binary-expr","locations":[{"start":{"line":39,"column":23},"end":{"line":39,"column":62}},{"start":{"line":40,"column":20},"end":{"line":40,"column":70}},{"start":{"line":41,"column":20},"end":{"line":41,"column":71}},{"start":{"line":42,"column":20},"end":{"line":42,"column":29}}]},"2":{"line":44,"type":"binary-expr","locations":[{"start":{"line":44,"column":23},"end":{"line":44,"column":37}},{"start":{"line":45,"column":20},"end":{"line":45,"column":61}},{"start":{"line":46,"column":20},"end":{"line":46,"column":70}},{"start":{"line":47,"column":20},"end":{"line":47,"column":26}}]},"3":{"line":51,"type":"cond-expr","locations":[{"start":{"line":52,"column":14},"end":{"line":52,"column":20}},{"start":{"line":53,"column":14},"end":{"line":53,"column":20}}]},"4":{"line":55,"type":"binary-expr","locations":[{"start":{"line":55,"column":16},"end":{"line":55,"column":44}},{"start":{"line":55,"column":49},"end":{"line":57,"column":43}}]},"5":{"line":55,"type":"cond-expr","locations":[{"start":{"line":56,"column":14},"end":{"line":56,"column":55}},{"start":{"line":57,"column":14},"end":{"line":57,"column":43}}]},"6":{"line":61,"type":"switch","locations":[{"start":{"line":68,"column":4},"end":{"line":150,"column":14},"skip":true},{"start":{"line":156,"column":4},"end":{"line":324,"column":14},"skip":true}]},"7":{"line":70,"type":"if","locations":[{"start":{"line":70,"column":12},"end":{"line":70,"column":12},"skip":true},{"start":{"line":70,"column":12},"end":{"line":70,"column":12},"skip":true}]},"8":{"line":70,"type":"binary-expr","locations":[{"start":{"line":70,"column":16},"end":{"line":70,"column":22},"skip":true},{"start":{"line":70,"column":27},"end":{"line":70,"column":32},"skip":true},{"start":{"line":71,"column":20},"end":{"line":71,"column":39},"skip":true},{"start":{"line":72,"column":20},"end":{"line":72,"column":49},"skip":true},{"start":{"line":73,"column":20},"end":{"line":73,"column":58},"skip":true},{"start":{"line":74,"column":20},"end":{"line":74,"column":69},"skip":true}]},"9":{"line":79,"type":"switch","locations":[{"start":{"line":80,"column":20},"end":{"line":80,"column":33},"skip":true},{"start":{"line":81,"column":20},"end":{"line":83,"column":30},"skip":true},{"start":{"line":84,"column":20},"end":{"line":85,"column":49},"skip":true}]},"10":{"line":89,"type":"switch","locations":[{"start":{"line":90,"column":12},"end":{"line":103,"column":22},"skip":true},{"start":{"line":105,"column":12},"end":{"line":106,"column":22},"skip":true}]},"11":{"line":89,"type":"binary-expr","locations":[{"start":{"line":89,"column":20},"end":{"line":89,"column":25},"skip":true},{"start":{"line":89,"column":29},"end":{"line":89,"column":48},"skip":true},{"start":{"line":89,"column":52},"end":{"line":89,"column":74},"skip":true}]},"12":{"line":92,"type":"if","locations":[{"start":{"line":92,"column":16},"end":{"line":92,"column":16},"skip":true},{"start":{"line":92,"column":16},"end":{"line":92,"column":16},"skip":true}]},"13":{"line":108,"type":"if","locations":[{"start":{"line":108,"column":12},"end":{"line":108,"column":12},"skip":true},{"start":{"line":108,"column":12},"end":{"line":108,"column":12},"skip":true}]},"14":{"line":108,"type":"binary-expr","locations":[{"start":{"line":108,"column":16},"end":{"line":108,"column":61},"skip":true},{"start":{"line":108,"column":66},"end":{"line":108,"column":72},"skip":true},{"start":{"line":108,"column":77},"end":{"line":108,"column":82},"skip":true},{"start":{"line":109,"column":20},"end":{"line":109,"column":39},"skip":true},{"start":{"line":110,"column":20},"end":{"line":110,"column":49},"skip":true},{"start":{"line":111,"column":20},"end":{"line":111,"column":58},"skip":true},{"start":{"line":112,"column":20},"end":{"line":112,"column":68},"skip":true}]},"15":{"line":129,"type":"if","locations":[{"start":{"line":129,"column":16},"end":{"line":129,"column":16},"skip":true},{"start":{"line":129,"column":16},"end":{"line":129,"column":16},"skip":true}]},"16":{"line":134,"type":"cond-expr","locations":[{"start":{"line":135,"column":26},"end":{"line":135,"column":29},"skip":true},{"start":{"line":136,"column":26},"end":{"line":136,"column":54},"skip":true}]},"17":{"line":164,"type":"binary-expr","locations":[{"start":{"line":164,"column":27},"end":{"line":164,"column":43},"skip":true},{"start":{"line":164,"column":47},"end":{"line":164,"column":49},"skip":true}]},"18":{"line":258,"type":"if","locations":[{"start":{"line":258,"column":8},"end":{"line":258,"column":8},"skip":true},{"start":{"line":258,"column":8},"end":{"line":258,"column":8},"skip":true}]},"19":{"line":275,"type":"switch","locations":[{"start":{"line":276,"column":20},"end":{"line":277,"column":64},"skip":true},{"start":{"line":278,"column":20},"end":{"line":279,"column":40},"skip":true},{"start":{"line":280,"column":20},"end":{"line":281,"column":40},"skip":true},{"start":{"line":282,"column":20},"end":{"line":283,"column":39},"skip":true}]},"20":{"line":288,"type":"if","locations":[{"start":{"line":288,"column":8},"end":{"line":288,"column":8},"skip":true},{"start":{"line":288,"column":8},"end":{"line":288,"column":8},"skip":true}]},"21":{"line":288,"type":"binary-expr","locations":[{"start":{"line":288,"column":12},"end":{"line":288,"column":40},"skip":true},{"start":{"line":288,"column":44},"end":{"line":288,"column":67},"skip":true}]},"22":{"line":292,"type":"binary-expr","locations":[{"start":{"line":292,"column":12},"end":{"line":292,"column":50},"skip":true},{"start":{"line":293,"column":12},"end":{"line":293,"column":53},"skip":true}]},"23":{"line":297,"type":"binary-expr","locations":[{"start":{"line":297,"column":12},"end":{"line":297,"column":69},"skip":true},{"start":{"line":298,"column":12},"end":{"line":301,"column":36},"skip":true}]},"24":{"line":303,"type":"binary-expr","locations":[{"start":{"line":303,"column":43},"end":{"line":303,"column":75},"skip":true},{"start":{"line":303,"column":79},"end":{"line":303,"column":81},"skip":true}]},"25":{"line":306,"type":"if","locations":[{"start":{"line":306,"column":8},"end":{"line":306,"column":8},"skip":true},{"start":{"line":306,"column":8},"end":{"line":306,"column":8},"skip":true}]},"26":{"line":310,"type":"if","locations":[{"start":{"line":310,"column":8},"end":{"line":310,"column":8},"skip":true},{"start":{"line":310,"column":8},"end":{"line":310,"column":8},"skip":true}]},"27":{"line":313,"type":"binary-expr","locations":[{"start":{"line":313,"column":27},"end":{"line":313,"column":43},"skip":true},{"start":{"line":313,"column":47},"end":{"line":313,"column":53},"skip":true}]},"28":{"line":317,"type":"if","locations":[{"start":{"line":317,"column":12},"end":{"line":317,"column":12},"skip":true},{"start":{"line":317,"column":12},"end":{"line":317,"column":12},"skip":true}]}},"code":["/*","example.js","","quickstart example","","instruction","    1. save this script as example.js","    2. run the shell command:","        $ npm install npmtest-react-style && PORT=8081 node example.js","    3. play with the browser-demo on http://127.0.0.1:8081","*/","","","","/* istanbul instrument in package npmtest_react_style */","/*jslint","    bitwise: true,","    browser: true,","    maxerr: 8,","    maxlen: 96,","    node: true,","    nomen: true,","    regexp: true,","    stupid: true","*/","(function () {","    'use strict';","    var local;","","","","    // run shared js-env code - pre-init","    (function () {","        // init local","        local = {};","        // init modeJs","        local.modeJs = (function () {","            try {","                return typeof navigator.userAgent === 'string' &&","                    typeof document.querySelector('body') === 'object' &&","                    typeof XMLHttpRequest.prototype.open === 'function' &&","                    'browser';","            } catch (errorCaughtBrowser) {","                return module.exports &&","                    typeof process.versions.node === 'string' &&","                    typeof require('http').createServer === 'function' &&","                    'node';","            }","        }());","        // init global","        local.global = local.modeJs === 'browser'","            ? window","            : global;","        // init utility2_rollup","        local = local.global.utility2_rollup || (local.modeJs === 'browser'","            ? local.global.utility2_npmtest_react_style","            : global.utility2_moduleExports);","        // export local","        local.global.local = local;","    }());","    switch (local.modeJs) {","","","","    // post-init","    // run browser js-env code - post-init","    /* istanbul ignore next */","    case 'browser':","        local.testRunBrowser = function (event) {","            if (!event || (event &&","                    event.currentTarget &&","                    event.currentTarget.className &&","                    event.currentTarget.className.includes &&","                    event.currentTarget.className.includes('onreset'))) {","                // reset output","                Array.from(","                    document.querySelectorAll('body > .resettable')","                ).forEach(function (element) {","                    switch (element.tagName) {","                    case 'INPUT':","                    case 'TEXTAREA':","                        element.value = '';","                        break;","                    default:","                        element.textContent = '';","                    }","                });","            }","            switch (event && event.currentTarget && event.currentTarget.id) {","            case 'testRunButton1':","                // show tests","                if (document.querySelector('#testReportDiv1').style.display === 'none') {","                    document.querySelector('#testReportDiv1').style.display = 'block';","                    document.querySelector('#testRunButton1').textContent =","                        'hide internal test';","                    local.modeTest = true;","                    local.testRunDefault(local);","                // hide tests","                } else {","                    document.querySelector('#testReportDiv1').style.display = 'none';","                    document.querySelector('#testRunButton1').textContent = 'run internal test';","                }","                break;","            // custom-case","            default:","                break;","            }","            if (document.querySelector('#inputTextareaEval1') && (!event || (event &&","                    event.currentTarget &&","                    event.currentTarget.className &&","                    event.currentTarget.className.includes &&","                    event.currentTarget.className.includes('oneval')))) {","                // try to eval input-code","                try {","                    /*jslint evil: true*/","                    eval(document.querySelector('#inputTextareaEval1').value);","                } catch (errorCaught) {","                    console.error(errorCaught);","                }","            }","        };","        // log stderr and stdout to #outputTextareaStdout1","        ['error', 'log'].forEach(function (key) {","            console[key + '_original'] = console[key];","            console[key] = function () {","                var element;","                console[key + '_original'].apply(console, arguments);","                element = document.querySelector('#outputTextareaStdout1');","                if (!element) {","                    return;","                }","                // append text to #outputTextareaStdout1","                element.value += Array.from(arguments).map(function (arg) {","                    return typeof arg === 'string'","                        ? arg","                        : JSON.stringify(arg, null, 4);","                }).join(' ') + '\\n';","                // scroll textarea to bottom","                element.scrollTop = element.scrollHeight;","            };","        });","        // init event-handling","        ['change', 'click', 'keyup'].forEach(function (event) {","            Array.from(document.querySelectorAll('.on' + event)).forEach(function (element) {","                element.addEventListener(event, local.testRunBrowser);","            });","        });","        // run tests","        local.testRunBrowser();","        break;","","","","    // run node js-env code - post-init","    /* istanbul ignore next */","    case 'node':","        // export local","        module.exports = local;","        // require modules","        local.fs = require('fs');","        local.http = require('http');","        local.url = require('url');","        // init assets","        local.assetsDict = local.assetsDict || {};","        /* jslint-ignore-begin */","        local.assetsDict['/assets.index.template.html'] = '\\","<!doctype html>\\n\\","<html lang=\"en\">\\n\\","<head>\\n\\","<meta charset=\"UTF-8\">\\n\\","<meta name=\"viewport\" content=\"width=device-width, initial-scale=1\">\\n\\","<title>{{env.npm_package_name}} (v{{env.npm_package_version}})</title>\\n\\","<style>\\n\\","/*csslint\\n\\","    box-sizing: false,\\n\\","    universal-selector: false\\n\\","*/\\n\\","* {\\n\\","    box-sizing: border-box;\\n\\","}\\n\\","body {\\n\\","    background: #dde;\\n\\","    font-family: Arial, Helvetica, sans-serif;\\n\\","    margin: 2rem;\\n\\","}\\n\\","body > * {\\n\\","    margin-bottom: 1rem;\\n\\","}\\n\\",".utility2FooterDiv {\\n\\","    margin-top: 20px;\\n\\","    text-align: center;\\n\\","}\\n\\","</style>\\n\\","<style>\\n\\","/*csslint\\n\\","*/\\n\\","textarea {\\n\\","    font-family: monospace;\\n\\","    height: 10rem;\\n\\","    width: 100%;\\n\\","}\\n\\","textarea[readonly] {\\n\\","    background: #ddd;\\n\\","}\\n\\","</style>\\n\\","</head>\\n\\","<body>\\n\\","<!-- utility2-comment\\n\\","<div id=\"ajaxProgressDiv1\" style=\"background: #d00; height: 2px; left: 0; margin: 0; padding: 0; position: fixed; top: 0; transition: background 0.5s, width 1.5s; width: 25%;\"></div>\\n\\","utility2-comment -->\\n\\","<h1>\\n\\","<!-- utility2-comment\\n\\","    <a\\n\\","        {{#if env.npm_package_homepage}}\\n\\","        href=\"{{env.npm_package_homepage}}\"\\n\\","        {{/if env.npm_package_homepage}}\\n\\","        target=\"_blank\"\\n\\","    >\\n\\","utility2-comment -->\\n\\","        {{env.npm_package_name}} (v{{env.npm_package_version}})\\n\\","<!-- utility2-comment\\n\\","    </a>\\n\\","utility2-comment -->\\n\\","</h1>\\n\\","<h3>{{env.npm_package_description}}</h3>\\n\\","<!-- utility2-comment\\n\\","<h4><a download href=\"assets.app.js\">download standalone app</a></h4>\\n\\","<button class=\"onclick onreset\" id=\"testRunButton1\">run internal test</button><br>\\n\\","<div id=\"testReportDiv1\" style=\"display: none;\"></div>\\n\\","utility2-comment -->\\n\\","\\n\\","\\n\\","\\n\\","<label>stderr and stdout</label>\\n\\","<textarea class=\"resettable\" id=\"outputTextareaStdout1\" readonly></textarea>\\n\\","<!-- utility2-comment\\n\\","{{#if isRollup}}\\n\\","<script src=\"assets.app.js\"></script>\\n\\","{{#unless isRollup}}\\n\\","utility2-comment -->\\n\\","<script src=\"assets.utility2.rollup.js\"></script>\\n\\","<script src=\"jsonp.utility2._stateInit?callback=window.utility2._stateInit\"></script>\\n\\","<script src=\"assets.npmtest_react_style.rollup.js\"></script>\\n\\","<script src=\"assets.example.js\"></script>\\n\\","<script src=\"assets.test.js\"></script>\\n\\","<!-- utility2-comment\\n\\","{{/if isRollup}}\\n\\","utility2-comment -->\\n\\","<div class=\"utility2FooterDiv\">\\n\\","    [ this app was created with\\n\\","    <a href=\"https://github.com/kaizhu256/node-utility2\" target=\"_blank\">utility2</a>\\n\\","    ]\\n\\","</div>\\n\\","</body>\\n\\","</html>\\n\\","';","        /* jslint-ignore-end */","        if (local.templateRender) {","            local.assetsDict['/'] = local.templateRender(","                local.assetsDict['/assets.index.template.html'],","                {","                    env: local.objectSetDefault(local.env, {","                        npm_package_description: 'the greatest app in the world!',","                        npm_package_name: 'my-app',","                        npm_package_nameAlias: 'my_app',","                        npm_package_version: '0.0.1'","                    })","                }","            );","        } else {","            local.assetsDict['/'] = local.assetsDict['/assets.index.template.html']","                .replace((/\\{\\{env\\.(\\w+?)\\}\\}/g), function (match0, match1) {","                    // jslint-hack","                    String(match0);","                    switch (match1) {","                    case 'npm_package_description':","                        return 'the greatest app in the world!';","                    case 'npm_package_name':","                        return 'my-app';","                    case 'npm_package_nameAlias':","                        return 'my_app';","                    case 'npm_package_version':","                        return '0.0.1';","                    }","                });","        }","        // run the cli","        if (local.global.utility2_rollup || module !== require.main) {","            break;","        }","        local.assetsDict['/assets.example.js'] =","            local.assetsDict['/assets.example.js'] ||","            local.fs.readFileSync(__filename, 'utf8');","        // bug-workaround - long $npm_package_buildCustomOrg","        /* jslint-ignore-begin */","        local.assetsDict['/assets.npmtest_react_style.rollup.js'] =","            local.assetsDict['/assets.npmtest_react_style.rollup.js'] ||","            local.fs.readFileSync(","                local.npmtest_react_style.__dirname + '/lib.npmtest_react_style.js',","                'utf8'","            ).replace((/^#!/), '//');","        /* jslint-ignore-end */","        local.assetsDict['/favicon.ico'] = local.assetsDict['/favicon.ico'] || '';","        // if $npm_config_timeout_exit exists,","        // then exit this process after $npm_config_timeout_exit ms","        if (Number(process.env.npm_config_timeout_exit)) {","            setTimeout(process.exit, Number(process.env.npm_config_timeout_exit));","        }","        // start server","        if (local.global.utility2_serverHttp1) {","            break;","        }","        process.env.PORT = process.env.PORT || '8081';","        console.error('server starting on port ' + process.env.PORT);","        local.http.createServer(function (request, response) {","            request.urlParsed = local.url.parse(request.url);","            if (local.assetsDict[request.urlParsed.pathname] !== undefined) {","                response.end(local.assetsDict[request.urlParsed.pathname]);","                return;","            }","            response.statusCode = 404;","            response.end();","        }).listen(process.env.PORT);","        break;","    }","}());",""],"l":{"26":2,"28":2,"33":2,"35":2,"37":2,"38":2,"39":2,"44":1,"51":2,"55":2,"59":2,"61":2,"69":1,"70":2,"76":2,"79":2,"82":2,"83":2,"85":1,"89":2,"92":1,"93":1,"94":1,"96":1,"97":1,"100":1,"101":1,"103":1,"106":1,"108":2,"114":1,"116":1,"118":1,"123":1,"124":2,"125":2,"126":3,"127":3,"128":3,"129":3,"130":1,"133":3,"134":3,"139":3,"143":1,"144":3,"145":1,"149":1,"150":1,"158":1,"160":1,"161":1,"162":1,"164":1,"166":1,"258":1,"259":1,"271":1,"274":6,"275":6,"277":1,"279":2,"281":1,"283":2,"288":1,"289":1,"291":1,"296":1,"303":1,"306":1,"307":1,"310":1,"311":1,"313":1,"314":1,"315":1,"316":1,"317":1,"318":1,"319":1,"321":1,"322":1,"324":1}},"/home/travis/build/npmtest/node-npmtest-react-style/node_modules/react-style/lib/index.js":{"path":"/home/travis/build/npmtest/node-npmtest-react-style/node_modules/react-style/lib/index.js","s":{"1":2,"2":0,"3":0,"4":0,"5":0,"6":0,"7":0,"8":0,"9":0,"10":0,"11":0,"12":0,"13":0,"14":1,"15":0,"16":0,"17":1,"18":0,"19":0,"20":0,"21":0,"22":0,"23":0,"24":0,"25":0,"26":0,"27":0,"28":0,"29":0,"30":0,"31":0,"32":0,"33":0,"34":0,"35":0,"36":0,"37":0,"38":0,"39":0,"40":0,"41":0,"42":0,"43":0,"44":0,"45":0,"46":0,"47":0,"48":0,"49":0,"50":0,"51":0,"52":0,"53":0,"54":0,"55":0,"56":0,"57":0,"58":0,"59":0,"60":0,"61":0,"62":0,"63":0,"64":0,"65":0,"66":0,"67":0},"b":{"1":[0,0],"2":[0,0],"3":[0,0],"4":[0,0],"5":[0,0],"6":[0,0],"7":[0,0],"8":[0,0],"9":[0,0]},"f":{"1":0,"2":0,"3":0,"4":0,"5":0,"6":0},"fnMap":{"1":{"name":"createStyle","line":21,"loc":{"start":{"line":21,"column":0},"end":{"line":21,"column":50}}},"2":{"name":"createStyleSheet","line":30,"loc":{"start":{"line":30,"column":0},"end":{"line":30,"column":52}}},"3":{"name":"(anonymous_3)","line":68,"loc":{"start":{"line":68,"column":30},"end":{"line":68,"column":50}}},"4":{"name":"(anonymous_4)","line":85,"loc":{"start":{"line":85,"column":11},"end":{"line":85,"column":31}}},"5":{"name":"(anonymous_5)","line":86,"loc":{"start":{"line":86,"column":36},"end":{"line":86,"column":51}}},"6":{"name":"(anonymous_6)","line":99,"loc":{"start":{"line":99,"column":56},"end":{"line":99,"column":71}}}},"statementMap":{"1":{"start":{"line":3,"column":0},"end":{"line":3,"column":73}},"2":{"start":{"line":4,"column":0},"end":{"line":4,"column":72}},"3":{"start":{"line":5,"column":0},"end":{"line":5,"column":86}},"4":{"start":{"line":6,"column":0},"end":{"line":6,"column":80}},"5":{"start":{"line":8,"column":0},"end":{"line":8,"column":69}},"6":{"start":{"line":9,"column":0},"end":{"line":9,"column":78}},"7":{"start":{"line":10,"column":0},"end":{"line":10,"column":63}},"8":{"start":{"line":12,"column":0},"end":{"line":12,"column":52}},"9":{"start":{"line":13,"column":0},"end":{"line":13,"column":50}},"10":{"start":{"line":15,"column":0},"end":{"line":15,"column":41}},"11":{"start":{"line":16,"column":0},"end":{"line":16,"column":41}},"12":{"start":{"line":17,"column":0},"end":{"line":17,"column":41}},"13":{"start":{"line":19,"column":0},"end":{"line":19,"column":76}},"14":{"start":{"line":21,"column":0},"end":{"line":28,"column":1}},"15":{"start":{"line":22,"column":2},"end":{"line":26,"column":5}},"16":{"start":{"line":27,"column":2},"end":{"line":27,"column":19}},"17":{"start":{"line":30,"column":0},"end":{"line":82,"column":1}},"18":{"start":{"line":31,"column":2},"end":{"line":81,"column":3}},"19":{"start":{"line":33,"column":4},"end":{"line":33,"column":77}},"20":{"start":{"line":34,"column":4},"end":{"line":34,"column":22}},"21":{"start":{"line":37,"column":4},"end":{"line":37,"column":76}},"22":{"start":{"line":40,"column":4},"end":{"line":40,"column":44}},"23":{"start":{"line":41,"column":4},"end":{"line":41,"column":21}},"24":{"start":{"line":42,"column":4},"end":{"line":78,"column":5}},"25":{"start":{"line":43,"column":6},"end":{"line":43,"column":42}},"26":{"start":{"line":44,"column":6},"end":{"line":44,"column":55}},"27":{"start":{"line":45,"column":6},"end":{"line":45,"column":40}},"28":{"start":{"line":46,"column":6},"end":{"line":46,"column":55}},"29":{"start":{"line":47,"column":6},"end":{"line":47,"column":36}},"30":{"start":{"line":48,"column":6},"end":{"line":50,"column":7}},"31":{"start":{"line":49,"column":8},"end":{"line":49,"column":48}},"32":{"start":{"line":52,"column":6},"end":{"line":76,"column":7}},"33":{"start":{"line":53,"column":8},"end":{"line":53,"column":39}},"34":{"start":{"line":54,"column":8},"end":{"line":54,"column":26}},"35":{"start":{"line":55,"column":8},"end":{"line":62,"column":9}},"36":{"start":{"line":56,"column":10},"end":{"line":56,"column":45}},"37":{"start":{"line":57,"column":10},"end":{"line":57,"column":43}},"38":{"start":{"line":58,"column":10},"end":{"line":58,"column":48}},"39":{"start":{"line":59,"column":10},"end":{"line":61,"column":11}},"40":{"start":{"line":60,"column":12},"end":{"line":60,"column":43}},"41":{"start":{"line":64,"column":8},"end":{"line":66,"column":9}},"42":{"start":{"line":65,"column":10},"end":{"line":65,"column":39}},"43":{"start":{"line":68,"column":8},"end":{"line":73,"column":36}},"44":{"start":{"line":69,"column":10},"end":{"line":71,"column":11}},"45":{"start":{"line":70,"column":12},"end":{"line":70,"column":37}},"46":{"start":{"line":72,"column":10},"end":{"line":72,"column":21}},"47":{"start":{"line":75,"column":10},"end":{"line":75,"column":19}},"48":{"start":{"line":77,"column":6},"end":{"line":77,"column":99}},"49":{"start":{"line":80,"column":4},"end":{"line":80,"column":19}},"50":{"start":{"line":84,"column":0},"end":{"line":97,"column":2}},"51":{"start":{"line":86,"column":4},"end":{"line":92,"column":7}},"52":{"start":{"line":87,"column":6},"end":{"line":91,"column":8}},"53":{"start":{"line":94,"column":4},"end":{"line":94,"column":59}},"54":{"start":{"line":99,"column":0},"end":{"line":116,"column":2}},"55":{"start":{"line":100,"column":2},"end":{"line":100,"column":41}},"56":{"start":{"line":101,"column":2},"end":{"line":115,"column":3}},"57":{"start":{"line":102,"column":4},"end":{"line":102,"column":26}},"58":{"start":{"line":103,"column":4},"end":{"line":114,"column":5}},"59":{"start":{"line":104,"column":6},"end":{"line":104,"column":59}},"60":{"start":{"line":105,"column":6},"end":{"line":105,"column":53}},"61":{"start":{"line":106,"column":6},"end":{"line":106,"column":60}},"62":{"start":{"line":107,"column":6},"end":{"line":113,"column":7}},"63":{"start":{"line":108,"column":8},"end":{"line":108,"column":44}},"64":{"start":{"line":109,"column":8},"end":{"line":109,"column":50}},"65":{"start":{"line":110,"column":8},"end":{"line":112,"column":9}},"66":{"start":{"line":111,"column":10},"end":{"line":111,"column":51}},"67":{"start":{"line":119,"column":0},"end":{"line":119,"column":28}}},"branchMap":{"1":{"line":31,"type":"if","locations":[{"start":{"line":31,"column":2},"end":{"line":31,"column":2}},{"start":{"line":31,"column":2},"end":{"line":31,"column":2}}]},"2":{"line":48,"type":"if","locations":[{"start":{"line":48,"column":6},"end":{"line":48,"column":6}},{"start":{"line":48,"column":6},"end":{"line":48,"column":6}}]},"3":{"line":52,"type":"if","locations":[{"start":{"line":52,"column":6},"end":{"line":52,"column":6}},{"start":{"line":52,"column":6},"end":{"line":52,"column":6}}]},"4":{"line":59,"type":"if","locations":[{"start":{"line":59,"column":10},"end":{"line":59,"column":10}},{"start":{"line":59,"column":10},"end":{"line":59,"column":10}}]},"5":{"line":64,"type":"if","locations":[{"start":{"line":64,"column":8},"end":{"line":64,"column":8}},{"start":{"line":64,"column":8},"end":{"line":64,"column":8}}]},"6":{"line":69,"type":"if","locations":[{"start":{"line":69,"column":10},"end":{"line":69,"column":10}},{"start":{"line":69,"column":10},"end":{"line":69,"column":10}}]},"7":{"line":77,"type":"cond-expr","locations":[{"start":{"line":77,"column":61},"end":{"line":77,"column":70}},{"start":{"line":77,"column":73},"end":{"line":77,"column":82}}]},"8":{"line":94,"type":"binary-expr","locations":[{"start":{"line":94,"column":42},"end":{"line":94,"column":51}},{"start":{"line":94,"column":55},"end":{"line":94,"column":57}}]},"9":{"line":110,"type":"if","locations":[{"start":{"line":110,"column":8},"end":{"line":110,"column":8}},{"start":{"line":110,"column":8},"end":{"line":110,"column":8}}]}},"code":["'use strict';","","var assign                          = require(\"react/lib/Object.assign\");","var ReactElementExtended            = require('./ReactElementExtended');","var ReactCompositeComponentExtended = require('./ReactCompositeComponentExtended.js');","var ExecutionEnvironment            = require('react/lib/ExecutionEnvironment');","","var applyMediaQueries               = require('./applyMediaQueries');","var generateUniqueCSSClassName      = require('./generateUniqueCSSClassName');","var stylesToCSS                     = require('./stylesToCSS');","","var isArray                         = Array.isArray;","var keys                            = Object.keys;","","var registeredMediaQueries          = [];","var styles                          = [];","var mediaQueries                    = {};","","var isProduction                    = process.env.NODE_ENV === 'production';","","function createStyle(props, className, uniqueKey) {","  styles.push({","    style: props,","    className: className,","    uniqueKey: uniqueKey","  });","  return className;","}","","function createStyleSheet(stylesheet, useClassName) {","  if (!useClassName) {","    // default","    stylesheet = applyMediaQueries(registeredMediaQueries, stylesheet, true);","    return stylesheet;","  }","  else {","    ReactElementExtended.maxOverridesLength = StyleSheet.maxOverridesLength;","","    // export to separate CSS classes","    var styleSheetStyles = keys(stylesheet);","    var results = {};","    for (var i = 0, l = styleSheetStyles.length; i < l; i++) {","      var styleName = styleSheetStyles[i];","      var isMediaQuery = !styleName.indexOf('@media ');","      var style = stylesheet[styleName];","      var origUniqueKey = generateUniqueCSSClassName();","      var uniqueKey = origUniqueKey;","      if (!isProduction) {","        uniqueKey = styleName + '_' + uniqueKey;","      }","","      if (isMediaQuery) {","        var mqStyleNames = keys(style);","        var newStyle = {};","        for (var i2 = 0, l2 = mqStyleNames.length; i2 < l2; i2++) {","          var mqStyleName = mqStyleNames[i2];","          var mqStyle = style[mqStyleName];","          var uniqueKey2 = results[mqStyleName];","          if (uniqueKey2) {","            newStyle[uniqueKey2] = mqStyle;","          }","        }","","        if (!mediaQueries[styleName]) {","          mediaQueries[styleName] = {};","        }","","        keys(newStyle).reduce(function (acc, key) {","          if (!acc[key]) {","            acc[key] = newStyle[key];","          }","          return acc;","        }, mediaQueries[styleName]);","","          continue;","      }","      results[styleName] = createStyle(style, isMediaQuery ? styleName : uniqueKey, origUniqueKey);","    }","","    return results;","  }","}","","var StyleSheet = {","  compile: function(maxLength) {","    var mq = keys(mediaQueries).map(function(query){","      return {","        style: mediaQueries[query],","        className: query,","        uniqueKey: ''","      };","    });","","    return stylesToCSS(styles.concat(mq), maxLength || 10);","  },","  create: createStyleSheet","};","","ReactCompositeComponentExtended.associateToMediaQuery = function(comp) {","  var styles = comp.props.__cachedStyles;","  for (var i = 0, l = styles.length; i < l; i++) {","    var style = styles[i];","    for (var j = 0, l2 = registeredMediaQueries.length; j < l2; j++) {","      var registeredMediaQuery = registeredMediaQueries[j];","      var stylesheet = registeredMediaQuery.compiled;","      var stylesheetNames = registeredMediaQuery.styleNames;","      for (var i2 = 0, l3 = stylesheetNames.length; i2 < l3; i2++) {","        var styleName = stylesheetNames[i2];","        var compiledStyle = stylesheet[styleName];","        if (style === compiledStyle) {","          registeredMediaQuery.elements.push(comp);","        }","      }","    }","  }","};","","","module.exports = StyleSheet;",""],"l":{"3":2,"4":0,"5":0,"6":0,"8":0,"9":0,"10":0,"12":0,"13":0,"15":0,"16":0,"17":0,"19":0,"21":1,"22":0,"27":0,"30":1,"31":0,"33":0,"34":0,"37":0,"40":0,"41":0,"42":0,"43":0,"44":0,"45":0,"46":0,"47":0,"48":0,"49":0,"52":0,"53":0,"54":0,"55":0,"56":0,"57":0,"58":0,"59":0,"60":0,"64":0,"65":0,"68":0,"69":0,"70":0,"72":0,"75":0,"77":0,"80":0,"84":0,"86":0,"87":0,"94":0,"99":0,"100":0,"101":0,"102":0,"103":0,"104":0,"105":0,"106":0,"107":0,"108":0,"109":0,"110":0,"111":0,"119":0}},"/home/travis/build/npmtest/node-npmtest-react-style/node_modules/react-style/jest/preprocessor.js":{"path":"/home/travis/build/npmtest/node-npmtest-react-style/node_modules/react-style/jest/preprocessor.js","s":{"1":2,"2":0,"3":0},"b":{},"f":{"1":0},"fnMap":{"1":{"name":"(anonymous_1)","line":7,"loc":{"start":{"line":7,"column":11},"end":{"line":7,"column":25}}}},"statementMap":{"1":{"start":{"line":4,"column":0},"end":{"line":4,"column":40}},"2":{"start":{"line":6,"column":0},"end":{"line":10,"column":2}},"3":{"start":{"line":8,"column":4},"end":{"line":8,"column":54}}},"branchMap":{},"code":["// taken from https://github.com/facebook/react/blob/master/jest/preprocessor.js","\"use strict\";","","var ReactTools = require('react-tools');","","module.exports = {","  process: function(src) {","    return ReactTools.transform(src, {harmony: true});","  }","};",""],"l":{"4":2,"6":0,"8":0}},"/home/travis/build/npmtest/node-npmtest-react-style/node_modules/react-style/lib/applyMediaQueries.js":{"path":"/home/travis/build/npmtest/node-npmtest-react-style/node_modules/react-style/lib/applyMediaQueries.js","s":{"1":2,"2":0,"3":0,"4":0,"5":0,"6":0,"7":0,"8":1,"9":0,"10":0,"11":1,"12":0,"13":0,"14":0,"15":0,"16":0,"17":0,"18":0,"19":0,"20":0,"21":0,"22":0,"23":0,"24":0,"25":0,"26":0,"27":0,"28":0,"29":0,"30":0,"31":0,"32":0,"33":0,"34":0,"35":0,"36":0,"37":0,"38":0,"39":0,"40":0,"41":0},"b":{"1":[0,0],"2":[0,0],"3":[0,0],"4":[0,0,0],"5":[0,0],"6":[0,0],"7":[0,0],"8":[0,0],"9":[0,0],"10":[0,0],"11":[0,0],"12":[0,0],"13":[0,0]},"f":{"1":0,"2":0,"3":0},"fnMap":{"1":{"name":"applyMediaQueries","line":13,"loc":{"start":{"line":13,"column":0},"end":{"line":13,"column":73}}},"2":{"name":"recalc","line":17,"loc":{"start":{"line":17,"column":2},"end":{"line":17,"column":20}}},"3":{"name":"(anonymous_3)","line":25,"loc":{"start":{"line":25,"column":50},"end":{"line":25,"column":61}}}},"statementMap":{"1":{"start":{"line":3,"column":0},"end":{"line":3,"column":64}},"2":{"start":{"line":4,"column":0},"end":{"line":4,"column":65}},"3":{"start":{"line":6,"column":0},"end":{"line":6,"column":22}},"4":{"start":{"line":7,"column":0},"end":{"line":9,"column":1}},"5":{"start":{"line":8,"column":2},"end":{"line":8,"column":33}},"6":{"start":{"line":10,"column":0},"end":{"line":10,"column":31}},"7":{"start":{"line":11,"column":0},"end":{"line":11,"column":40}},"8":{"start":{"line":13,"column":0},"end":{"line":80,"column":1}},"9":{"start":{"line":14,"column":2},"end":{"line":14,"column":25}},"10":{"start":{"line":15,"column":2},"end":{"line":15,"column":43}},"11":{"start":{"line":17,"column":2},"end":{"line":19,"column":3}},"12":{"start":{"line":18,"column":4},"end":{"line":18,"column":51}},"13":{"start":{"line":21,"column":2},"end":{"line":30,"column":3}},"14":{"start":{"line":24,"column":4},"end":{"line":24,"column":39}},"15":{"start":{"line":25,"column":4},"end":{"line":29,"column":7}},"16":{"start":{"line":26,"column":6},"end":{"line":28,"column":7}},"17":{"start":{"line":27,"column":8},"end":{"line":27,"column":17}},"18":{"start":{"line":32,"column":2},"end":{"line":77,"column":3}},"19":{"start":{"line":33,"column":4},"end":{"line":33,"column":34}},"20":{"start":{"line":34,"column":4},"end":{"line":34,"column":38}},"21":{"start":{"line":36,"column":4},"end":{"line":76,"column":5}},"22":{"start":{"line":37,"column":6},"end":{"line":37,"column":58}},"23":{"start":{"line":38,"column":6},"end":{"line":38,"column":37}},"24":{"start":{"line":40,"column":6},"end":{"line":55,"column":7}},"25":{"start":{"line":41,"column":8},"end":{"line":41,"column":34}},"26":{"start":{"line":42,"column":8},"end":{"line":42,"column":46}},"27":{"start":{"line":43,"column":8},"end":{"line":54,"column":9}},"28":{"start":{"line":44,"column":10},"end":{"line":44,"column":44}},"29":{"start":{"line":47,"column":10},"end":{"line":52,"column":11}},"30":{"start":{"line":48,"column":12},"end":{"line":51,"column":13}},"31":{"start":{"line":49,"column":14},"end":{"line":49,"column":124}},"32":{"start":{"line":50,"column":14},"end":{"line":50,"column":23}},"33":{"start":{"line":53,"column":10},"end":{"line":53,"column":98}},"34":{"start":{"line":58,"column":6},"end":{"line":72,"column":7}},"35":{"start":{"line":59,"column":8},"end":{"line":66,"column":11}},"36":{"start":{"line":68,"column":8},"end":{"line":71,"column":9}},"37":{"start":{"line":69,"column":10},"end":{"line":69,"column":53}},"38":{"start":{"line":70,"column":10},"end":{"line":70,"column":51}},"39":{"start":{"line":75,"column":6},"end":{"line":75,"column":39}},"40":{"start":{"line":79,"column":2},"end":{"line":79,"column":23}},"41":{"start":{"line":83,"column":0},"end":{"line":83,"column":35}}},"branchMap":{"1":{"line":7,"type":"if","locations":[{"start":{"line":7,"column":0},"end":{"line":7,"column":0}},{"start":{"line":7,"column":0},"end":{"line":7,"column":0}}]},"2":{"line":7,"type":"binary-expr","locations":[{"start":{"line":7,"column":4},"end":{"line":7,"column":33}},{"start":{"line":7,"column":37},"end":{"line":7,"column":59}}]},"3":{"line":21,"type":"if","locations":[{"start":{"line":21,"column":2},"end":{"line":21,"column":2}},{"start":{"line":21,"column":2},"end":{"line":21,"column":2}}]},"4":{"line":21,"type":"binary-expr","locations":[{"start":{"line":21,"column":6},"end":{"line":21,"column":34}},{"start":{"line":22,"column":9},"end":{"line":22,"column":40}},{"start":{"line":23,"column":9},"end":{"line":23,"column":38}}]},"5":{"line":26,"type":"if","locations":[{"start":{"line":26,"column":6},"end":{"line":26,"column":6}},{"start":{"line":26,"column":6},"end":{"line":26,"column":6}}]},"6":{"line":36,"type":"if","locations":[{"start":{"line":36,"column":4},"end":{"line":36,"column":4}},{"start":{"line":36,"column":4},"end":{"line":36,"column":4}}]},"7":{"line":40,"type":"if","locations":[{"start":{"line":40,"column":6},"end":{"line":40,"column":6}},{"start":{"line":40,"column":6},"end":{"line":40,"column":6}}]},"8":{"line":40,"type":"binary-expr","locations":[{"start":{"line":40,"column":10},"end":{"line":40,"column":20}},{"start":{"line":40,"column":24},"end":{"line":40,"column":54}}]},"9":{"line":47,"type":"if","locations":[{"start":{"line":47,"column":10},"end":{"line":47,"column":10}},{"start":{"line":47,"column":10},"end":{"line":47,"column":10}}]},"10":{"line":48,"type":"if","locations":[{"start":{"line":48,"column":12},"end":{"line":48,"column":12}},{"start":{"line":48,"column":12},"end":{"line":48,"column":12}}]},"11":{"line":58,"type":"if","locations":[{"start":{"line":58,"column":6},"end":{"line":58,"column":6}},{"start":{"line":58,"column":6},"end":{"line":58,"column":6}}]},"12":{"line":68,"type":"if","locations":[{"start":{"line":68,"column":8},"end":{"line":68,"column":8}},{"start":{"line":68,"column":8},"end":{"line":68,"column":8}}]},"13":{"line":68,"type":"binary-expr","locations":[{"start":{"line":68,"column":12},"end":{"line":68,"column":22}},{"start":{"line":68,"column":26},"end":{"line":68,"column":60}}]}},"code":["'use strict';","","var assign                 = require(\"react/lib/Object.assign\");","var recalcMediaQueryStyles = require('./recalcMediaQueryStyles');","","var matchMedia = null;","if (typeof window !== 'undefined' && !window.__ReactStyle__) {","  matchMedia = window.matchMedia;","}","var mediaQueryBreakPoints = {};","var hasVisibilityChangeListener = false;","","function applyMediaQueries(registeredMediaQueries, stylesheet, register) {","  var newStyleSheet = {};","  var styleNames = Object.keys(stylesheet);","","  function recalc() {","    recalcMediaQueryStyles(registeredMediaQueries);","  }","","  if (!hasVisibilityChangeListener","      && typeof document !== 'undefined'","      && 'visibilityState' in document) {","    hasVisibilityChangeListener = true;","    document.addEventListener(\"visibilitychange\", function() {","      if (document.visibilityState === 'visible') {","        recalc();","      }","    });","  }","","  for (var i = 0, l = styleNames.length; i < l; i++) {","    var styleName = styleNames[i];","    var style = stylesheet[styleName];","    // only position 0 = false, so !0 = true","    if (!styleName.indexOf('@media')) {","      var mediaQuery = styleName.substr('@media '.length);","      var isMediaQueryActive = false;","","      if (matchMedia && matchMedia(mediaQuery).matches) {","        isMediaQueryActive = true;","        var mqStyleNames = Object.keys(style);","        for (var j = 0, l2 = mqStyleNames.length; j < l2; j++) {","          var mqStyleName = mqStyleNames[j];","","          // warn for undeclared block","          if (\"production\" !== process.env.NODE_ENV) {","            if (!stylesheet[mqStyleName]) {","              console.warn('Media query \\'' + styleName + '\\' referred to undeclared style block \\'' + mqStyleName + '\\'.');","              continue;","            }","          }","          newStyleSheet[mqStyleName] = assign({}, newStyleSheet[mqStyleName], style[mqStyleName]);","        }","      }","","      // register media query for recalc","      if (register) {","        registeredMediaQueries.push({","          compiled: newStyleSheet,","          elements: [],","          isActive: isMediaQueryActive,","          query: mediaQuery,","          styleNames: styleNames,","          stylesheet: stylesheet","        });","","        if (matchMedia && !mediaQueryBreakPoints[mediaQuery]) {","          matchMedia(mediaQuery).addListener(recalc);","          mediaQueryBreakPoints[mediaQuery] = true;","        }","      }","    }","    else {","      newStyleSheet[styleName] = style;","    }","  }","","  return newStyleSheet;","}","","","module.exports = applyMediaQueries;",""],"l":{"3":2,"4":0,"6":0,"7":0,"8":0,"10":0,"11":0,"13":1,"14":0,"15":0,"17":1,"18":0,"21":0,"24":0,"25":0,"26":0,"27":0,"32":0,"33":0,"34":0,"36":0,"37":0,"38":0,"40":0,"41":0,"42":0,"43":0,"44":0,"47":0,"48":0,"49":0,"50":0,"53":0,"58":0,"59":0,"68":0,"69":0,"70":0,"75":0,"79":0,"83":0}},"/home/travis/build/npmtest/node-npmtest-react-style/node_modules/react-style/lib/applyStyles.js":{"path":"/home/travis/build/npmtest/node-npmtest-react-style/node_modules/react-style/lib/applyStyles.js","s":{"1":2,"2":0,"3":0,"4":0,"5":1,"6":0,"7":0,"8":0,"9":0,"10":0,"11":0,"12":0,"13":0,"14":0,"15":1,"16":0,"17":0,"18":0,"19":0,"20":0,"21":0,"22":0,"23":0,"24":1,"25":0,"26":0,"27":0,"28":0,"29":0,"30":0,"31":1,"32":0,"33":0,"34":0,"35":0,"36":0,"37":1,"38":0,"39":0,"40":0,"41":0,"42":0,"43":0,"44":0,"45":0,"46":0,"47":0,"48":0,"49":0,"50":0,"51":0,"52":0},"b":{"1":[0,0],"2":[0,0],"3":[0,0],"4":[0,0],"5":[0,0],"6":[0,0],"7":[0,0],"8":[0,0],"9":[0,0,0],"10":[0,0],"11":[0,0],"12":[0,0],"13":[0,0],"14":[0,0],"15":[0,0],"16":[0,0],"17":[0,0],"18":[0,0],"19":[0,0]},"f":{"1":0,"2":0,"3":0,"4":0,"5":0},"fnMap":{"1":{"name":"applyClassName","line":9,"loc":{"start":{"line":9,"column":0},"end":{"line":9,"column":69}}},"2":{"name":"applyInlineStyle","line":24,"loc":{"start":{"line":24,"column":0},"end":{"line":24,"column":47}}},"3":{"name":"applyOverrides","line":38,"loc":{"start":{"line":38,"column":0},"end":{"line":38,"column":36}}},"4":{"name":"applyStyle","line":49,"loc":{"start":{"line":49,"column":0},"end":{"line":49,"column":61}}},"5":{"name":"applyStyles","line":61,"loc":{"start":{"line":61,"column":0},"end":{"line":61,"column":71}}}},"statementMap":{"1":{"start":{"line":3,"column":0},"end":{"line":3,"column":51}},"2":{"start":{"line":4,"column":0},"end":{"line":4,"column":32}},"3":{"start":{"line":5,"column":0},"end":{"line":5,"column":30}},"4":{"start":{"line":7,"column":0},"end":{"line":7,"column":64}},"5":{"start":{"line":9,"column":0},"end":{"line":22,"column":1}},"6":{"start":{"line":10,"column":2},"end":{"line":12,"column":3}},"7":{"start":{"line":11,"column":4},"end":{"line":11,"column":25}},"8":{"start":{"line":13,"column":2},"end":{"line":13,"column":105}},"9":{"start":{"line":14,"column":2},"end":{"line":14,"column":45}},"10":{"start":{"line":15,"column":2},"end":{"line":15,"column":59}},"11":{"start":{"line":16,"column":2},"end":{"line":19,"column":3}},"12":{"start":{"line":17,"column":4},"end":{"line":17,"column":48}},"13":{"start":{"line":18,"column":4},"end":{"line":18,"column":59}},"14":{"start":{"line":21,"column":2},"end":{"line":21,"column":19}},"15":{"start":{"line":24,"column":0},"end":{"line":36,"column":1}},"16":{"start":{"line":25,"column":2},"end":{"line":27,"column":3}},"17":{"start":{"line":26,"column":4},"end":{"line":26,"column":21}},"18":{"start":{"line":28,"column":2},"end":{"line":28,"column":30}},"19":{"start":{"line":29,"column":2},"end":{"line":33,"column":3}},"20":{"start":{"line":30,"column":4},"end":{"line":30,"column":27}},"21":{"start":{"line":31,"column":4},"end":{"line":31,"column":34}},"22":{"start":{"line":32,"column":4},"end":{"line":32,"column":31}},"23":{"start":{"line":35,"column":2},"end":{"line":35,"column":15}},"24":{"start":{"line":38,"column":0},"end":{"line":47,"column":1}},"25":{"start":{"line":39,"column":2},"end":{"line":39,"column":41}},"26":{"start":{"line":40,"column":2},"end":{"line":46,"column":3}},"27":{"start":{"line":41,"column":4},"end":{"line":41,"column":40}},"28":{"start":{"line":42,"column":4},"end":{"line":45,"column":5}},"29":{"start":{"line":43,"column":6},"end":{"line":43,"column":41}},"30":{"start":{"line":44,"column":6},"end":{"line":44,"column":36}},"31":{"start":{"line":49,"column":0},"end":{"line":59,"column":1}},"32":{"start":{"line":50,"column":2},"end":{"line":58,"column":3}},"33":{"start":{"line":51,"column":4},"end":{"line":51,"column":17}},"34":{"start":{"line":53,"column":7},"end":{"line":58,"column":3}},"35":{"start":{"line":54,"column":4},"end":{"line":54,"column":67}},"36":{"start":{"line":57,"column":4},"end":{"line":57,"column":49}},"37":{"start":{"line":61,"column":0},"end":{"line":87,"column":1}},"38":{"start":{"line":62,"column":2},"end":{"line":65,"column":3}},"39":{"start":{"line":63,"column":4},"end":{"line":63,"column":14}},"40":{"start":{"line":64,"column":4},"end":{"line":64,"column":19}},"41":{"start":{"line":67,"column":2},"end":{"line":86,"column":3}},"42":{"start":{"line":68,"column":4},"end":{"line":81,"column":5}},"43":{"start":{"line":69,"column":6},"end":{"line":69,"column":28}},"44":{"start":{"line":70,"column":6},"end":{"line":79,"column":7}},"45":{"start":{"line":71,"column":8},"end":{"line":78,"column":9}},"46":{"start":{"line":72,"column":10},"end":{"line":72,"column":24}},"47":{"start":{"line":74,"column":13},"end":{"line":78,"column":9}},"48":{"start":{"line":75,"column":10},"end":{"line":77,"column":75}},"49":{"start":{"line":80,"column":6},"end":{"line":80,"column":75}},"50":{"start":{"line":82,"column":4},"end":{"line":82,"column":17}},"51":{"start":{"line":85,"column":4},"end":{"line":85,"column":64}},"52":{"start":{"line":89,"column":0},"end":{"line":89,"column":29}}},"branchMap":{"1":{"line":10,"type":"if","locations":[{"start":{"line":10,"column":2},"end":{"line":10,"column":2}},{"start":{"line":10,"column":2},"end":{"line":10,"column":2}}]},"2":{"line":13,"type":"cond-expr","locations":[{"start":{"line":13,"column":74},"end":{"line":13,"column":83}},{"start":{"line":13,"column":86},"end":{"line":13,"column":104}}]},"3":{"line":13,"type":"binary-expr","locations":[{"start":{"line":13,"column":15},"end":{"line":13,"column":34}},{"start":{"line":13,"column":38},"end":{"line":13,"column":71}}]},"4":{"line":17,"type":"cond-expr","locations":[{"start":{"line":17,"column":29},"end":{"line":17,"column":38}},{"start":{"line":17,"column":41},"end":{"line":17,"column":47}}]},"5":{"line":18,"type":"cond-expr","locations":[{"start":{"line":18,"column":51},"end":{"line":18,"column":53}},{"start":{"line":18,"column":56},"end":{"line":18,"column":57}}]},"6":{"line":25,"type":"if","locations":[{"start":{"line":25,"column":2},"end":{"line":25,"column":2}},{"start":{"line":25,"column":2},"end":{"line":25,"column":2}}]},"7":{"line":40,"type":"if","locations":[{"start":{"line":40,"column":2},"end":{"line":40,"column":2}},{"start":{"line":40,"column":2},"end":{"line":40,"column":2}}]},"8":{"line":50,"type":"if","locations":[{"start":{"line":50,"column":2},"end":{"line":50,"column":2}},{"start":{"line":50,"column":2},"end":{"line":50,"column":2}}]},"9":{"line":50,"type":"binary-expr","locations":[{"start":{"line":50,"column":6},"end":{"line":50,"column":20}},{"start":{"line":50,"column":24},"end":{"line":50,"column":43}},{"start":{"line":50,"column":47},"end":{"line":50,"column":62}}]},"10":{"line":53,"type":"if","locations":[{"start":{"line":53,"column":7},"end":{"line":53,"column":7}},{"start":{"line":53,"column":7},"end":{"line":53,"column":7}}]},"11":{"line":53,"type":"binary-expr","locations":[{"start":{"line":53,"column":11},"end":{"line":53,"column":36}},{"start":{"line":53,"column":40},"end":{"line":53,"column":50}}]},"12":{"line":62,"type":"if","locations":[{"start":{"line":62,"column":2},"end":{"line":62,"column":2}},{"start":{"line":62,"column":2},"end":{"line":62,"column":2}}]},"13":{"line":67,"type":"if","locations":[{"start":{"line":67,"column":2},"end":{"line":67,"column":2}},{"start":{"line":67,"column":2},"end":{"line":67,"column":2}}]},"14":{"line":70,"type":"if","locations":[{"start":{"line":70,"column":6},"end":{"line":70,"column":6}},{"start":{"line":70,"column":6},"end":{"line":70,"column":6}}]},"15":{"line":70,"type":"binary-expr","locations":[{"start":{"line":70,"column":10},"end":{"line":70,"column":47}},{"start":{"line":70,"column":51},"end":{"line":70,"column":56}}]},"16":{"line":71,"type":"if","locations":[{"start":{"line":71,"column":8},"end":{"line":71,"column":8}},{"start":{"line":71,"column":8},"end":{"line":71,"column":8}}]},"17":{"line":71,"type":"binary-expr","locations":[{"start":{"line":71,"column":12},"end":{"line":71,"column":37}},{"start":{"line":71,"column":41},"end":{"line":71,"column":62}}]},"18":{"line":74,"type":"if","locations":[{"start":{"line":74,"column":13},"end":{"li
[...]
ry.isActive;","  var compiledStyleSheet = applyMediaQueries(registeredMediaQueries, registeredMediaQuery.stylesheet, false);","  var elements = registeredMediaQuery.elements;","  var i, l;","  for (i = 0, l = elements.length; i < l; i++) {","    var element = elements[i];","    recalcElementStyles(registeredMediaQuery, element, compiledStyleSheet);","  }","","  var styleNames = registeredMediaQuery.styleNames;","  for (i = 0, l = styleNames.length; i < l; i++) {","    var styleName = styleNames[i];","    registeredMediaQuery.compiled[styleName] = compiledStyleSheet[styleName];","  }","}","","function recalcElementStyles(registeredMediaQuery, element, newCompiledStyleSheet) {","  var styleSheetNames = registeredMediaQuery.styleNames;","  var oldCompiledStyleSheet = registeredMediaQuery.compiled;","  var oldElementStyles = element.props.__cachedStyles;","  var newElementStyles = [];","  for (var i = 0, l = oldElementStyles.length; i < l; i++) {","    var oldElementStyle = oldElementStyles[i];","    _setElementStyles(","      newElementStyles,","      i,","      oldElementStyle,","      styleSheetNames,","      oldCompiledStyleSheet,","      newCompiledStyleSheet);","  }","  var newProps = {};","  applyStyles(newProps, newElementStyles, 0);","  if (element._setPropsInternal) {","","    // React 0.12","    element._setPropsInternal({","      style: newProps.style,","      __cachedStyles: newElementStyles});","  } else {","","    // React 0.13","    var instance = element._reactInternalInstance;","    instance._setPropsInternal({","      style : newProps.style,","      __cachedStyles: newElementStyles","    });","  }","","  setChildElementStyles(element, styleSheetNames, oldCompiledStyleSheet, newCompiledStyleSheet);","  enqueueForceUpdate(element);","}","","function setChildElementStyles(element, styleSheetNames, oldCompiledStyleSheet, newCompiledStyleSheet) {","  var children = element.props.children;","  if (children) {","    for (var i = 0, l = children.length; i < l; i++) {","      var child = children[i];","      if (child.props && child.props.styles) {","        var newChildStyles = [];","        var childStyles = child.props.styles;","        for (var childStyleIndex = 0, childStylesLength = childStyles.length; childStyleIndex < childStylesLength; childStyleIndex++) {","          var childStyle = childStyles[childStyleIndex];","          _setElementStyles(","            newChildStyles,","            childStyleIndex,","            childStyle,","            styleSheetNames,","            oldCompiledStyleSheet,","            newCompiledStyleSheet","          );","        }","        if (\"production\" !== process.env.NODE_ENV) {","          if (child._store.originalProps) {","            child._store.originalProps.styles = newChildStyles;","          }","          else {","            child._store.props.styles = newChildStyles;","          }","        }","        child.props.styles = newChildStyles;","      }","    }","  }","}","","function _setElementStyles(elementStyles, j, elementStyle, styleSheetNames, oldCompiledStyleSheet, newCompiledStyleSheet) {","  elementStyles[j] = elementStyle;","  if (!elementStyle) {","    return;","  }","  for (var i = 0, l = styleSheetNames.length; i < l; i++) {","    var styleName = styleSheetNames[i];","    var oldCompiledStyle = oldCompiledStyleSheet[styleName];","    var newCompiledStyle = newCompiledStyleSheet[styleName];","    if (oldCompiledStyle === elementStyle) {","      elementStyles[j] = newCompiledStyle;","    }","  }","}","","module.exports = recalcMediaQueryStyles;",""],"l":{"3":2,"4":0,"5":0,"7":0,"8":0,"11":0,"13":0,"14":0,"18":0,"20":0,"21":0,"22":0,"25":1,"26":0,"27":0,"28":0,"29":0,"30":0,"31":0,"36":1,"37":0,"38":0,"39":0,"40":0,"41":0,"42":0,"43":0,"44":0,"47":0,"48":0,"49":0,"50":0,"54":1,"55":0,"56":0,"57":0,"58":0,"59":0,"60":0,"61":0,"69":0,"70":0,"71":0,"74":0,"80":0,"81":0,"87":0,"88":0,"91":1,"92":0,"93":0,"94":0,"95":0,"96":0,"97":0,"98":0,"99":0,"100":0,"101":0,"110":0,"111":0,"112":0,"115":0,"118":0,"124":1,"125":0,"126":0,"127":0,"129":0,"130":0,"131":0,"132":0,"133":0,"134":0,"139":0}},"/home/travis/build/npmtest/node-npmtest-react-style/node_modules/react-style/lib/stylesToCSS.js":{"path":"/home/travis/build/npmtest/node-npmtest-react-style/node_modules/react-style/lib/stylesToCSS.js","s":{"1":2,"2":0,"3":0,"4":0,"5":0,"6":0,"7":0,"8":1,"9":0,"10":0,"11":0,"12":0,"13":0,"14":1,"15":0,"16":0,"17":0,"18":0,"19":0,"20":0,"21":0,"22":0,"23":0,"24":0,"25":0,"26":0,"27":0,"28":0,"29":0,"30":0,"31":0,"32":0,"33":1,"34":0,"35":0,"36":0,"37":0,"38":0,"39":0,"40":0,"41":0,"42":0,"43":1,"44":0,"45":0,"46":0,"47":0,"48":0,"49":0,"50":0,"51":0,"52":0,"53":0,"54":1,"55":0,"56":0,"57":0,"58":0,"59":0,"60":0,"61":0,"62":0,"63":0,"64":0,"65":1,"66":0,"67":0,"68":0,"69":0,"70":0,"71":0,"72":0,"73":0},"b":{"1":[0,0],"2":[0,0],"3":[0,0],"4":[0,0],"5":[0,0],"6":[0,0],"7":[0,0],"8":[0,0],"9":[0,0],"10":[0,0],"11":[0,0],"12":[0,0],"13":[0,0],"14":[0,0],"15":[0,0],"16":[0,0],"17":[0,0],"18":[0,0],"19":[0,0]},"f":{"1":0,"2":0,"3":0,"4":0,"5":0,"6":0},"fnMap":{"1":{"name":"buildRule","line":14,"loc":{"start":{"line":14,"column":0},"end":{"line":14,"column":49}}},"2":{"name":"buildRules","line":25,"loc":{"start":{"line":25,"column":0},"end":{"line":25,"column":72}}},"3":{"name":"buildMediaQuery","line":61,"loc":{"start":{"line":61,"column":0},"end":{"line":61,"column":61}}},"4":{"name":"replicateSelector","line":74,"loc":{"start":{"line":74,"column":0},"end":{"line":74,"column":58}}},"5":{"name":"buildStyle","line":89,"loc":{"start":{"line":89,"column":0},"end":{"line":89,"column":56}}},"6":{"name":"stylesToCSS","line":108,"loc":{"start":{"line":108,"column":0},"end":{"line":108,"column":40}}}},"statementMap":{"1":{"start":{"line":3,"column":0},"end":{"line":3,"column":73}},"2":{"start":{"line":4,"column":0},"end":{"line":4,"column":65}},"3":{"start":{"line":5,"column":0},"end":{"line":5,"column":28}},"4":{"start":{"line":6,"column":0},"end":{"line":6,"column":23}},"5":{"start":{"line":7,"column":0},"end":{"line":7,"column":69}},"6":{"start":{"line":9,"column":0},"end":{"line":9,"column":16}},"7":{"start":{"line":12,"column":0},"end":{"line":12,"column":148}},"8":{"start":{"line":14,"column":0},"end":{"line":23,"column":1}},"9":{"start":{"line":15,"column":2},"end":{"line":20,"column":3}},"10":{"start":{"line":16,"column":4},"end":{"line":16,"column":30}},"11":{"start":{"line":18,"column":7},"end":{"line":20,"column":3}},"12":{"start":{"line":19,"column":4},"end":{"line":19,"column":51}},"13":{"start":{"line":22,"column":2},"end":{"line":22,"column":70}},"14":{"start":{"line":25,"column":0},"end":{"line":59,"column":1}},"15":{"start":{"line":26,"column":2},"end":{"line":28,"column":3}},"16":{"start":{"line":27,"column":4},"end":{"line":27,"column":18}},"17":{"start":{"line":30,"column":2},"end":{"line":30,"column":82}},"18":{"start":{"line":31,"column":2},"end":{"line":31,"column":44}},"19":{"start":{"line":32,"column":2},"end":{"line":32,"column":30}},"20":{"start":{"line":33,"column":2},"end":{"line":55,"column":3}},"21":{"start":{"line":34,"column":4},"end":{"line":34,"column":32}},"22":{"start":{"line":35,"column":4},"end":{"line":35,"column":32}},"23":{"start":{"line":37,"column":4},"end":{"line":45,"column":5}},"24":{"start":{"line":38,"column":6},"end":{"line":42,"column":7}},"25":{"start":{"line":39,"column":8},"end":{"line":41,"column":23}},"26":{"start":{"line":44,"column":6},"end":{"line":44,"column":15}},"27":{"start":{"line":47,"column":4},"end":{"line":54,"column":5}},"28":{"start":{"line":48,"column":6},"end":{"line":50,"column":7}},"29":{"start":{"line":49,"column":8},"end":{"line":49,"column":67}},"30":{"start":{"line":53,"column":6},"end":{"line":53,"column":62}},"31":{"start":{"line":56,"column":2},"end":{"line":56,"column":22}},"32":{"start":{"line":58,"column":2},"end":{"line":58,"column":16}},"33":{"start":{"line":61,"column":0},"end":{"line":72,"column":1}},"34":{"start":{"line":62,"column":2},"end":{"line":62,"column":33}},"35":{"start":{"line":63,"column":2},"end":{"line":63,"column":29}},"36":{"start":{"line":64,"column":2},"end":{"line":70,"column":3}},"37":{"start":{"line":65,"column":4},"end":{"line":65,"column":30}},"38":{"start":{"line":66,"column":4},"end":{"line":66,"column":30}},"39":{"start":{"line":67,"column":4},"end":{"line":67,"column":42}},"40":{"start":{"line":68,"column":4},"end":{"line":68,"column":58}},"41":{"start":{"line":69,"column":4},"end":{"line":69,"column":66}},"42":{"start":{"line":71,"column":2},"end":{"line":71,"column":22}},"43":{"start":{"line":74,"column":0},"end":{"line":87,"column":1}},"44":{"start":{"line":75,"column":2},"end":{"line":75,"column":28}},"45":{"start":{"line":76,"column":2},"end":{"line":76,"column":23}},"46":{"start":{"line":77,"column":2},"end":{"line":77,"column":30}},"47":{"start":{"line":78,"column":2},"end":{"line":85,"column":3}},"48":{"start":{"line":79,"column":4},"end":{"line":79,"column":25}},"49":{"start":{"line":80,"column":4},"end":{"line":83,"column":5}},"50":{"start":{"line":81,"column":6},"end":{"line":81,"column":59}},"51":{"start":{"line":82,"column":6},"end":{"line":82,"column":51}},"52":{"start":{"line":84,"column":4},"end":{"line":84,"column":47}},"53":{"start":{"line":86,"column":2},"end":{"line":86,"column":38}},"54":{"start":{"line":89,"column":0},"end":{"line":106,"column":1}},"55":{"start":{"line":90,"column":2},"end":{"line":92,"column":3}},"56":{"start":{"line":91,"column":4},"end":{"line":91,"column":11}},"57":{"start":{"line":93,"column":2},"end":{"line":95,"column":3}},"58":{"start":{"line":94,"column":4},"end":{"line":94,"column":11}},"59":{"start":{"line":96,"column":2},"end":{"line":99,"column":3}},"60":{"start":{"line":97,"column":4},"end":{"line":97,"column":51}},"61":{"start":{"line":98,"column":4},"end":{"line":98,"column":37}},"62":{"start":{"line":100,"column":2},"end":{"line":105,"column":3}},"63":{"start":{"line":101,"column":4},"end":{"line":101,"column":72}},"64":{"start":{"line":104,"column":4},"end":{"line":104,"column":74}},"65":{"start":{"line":108,"column":0},"end":{"line":119,"column":1}},"66":{"start":{"line":109,"column":2},"end":{"line":111,"column":3}},"67":{"start":{"line":110,"column":4},"end":{"line":110,"column":22}},"68":{"start":{"line":113,"column":2},"end":{"line":113,"column":41}},"69":{"start":{"line":114,"column":2},"end":{"line":117,"column":3}},"70":{"start":{"line":115,"column":4},"end":{"line":115,"column":26}},"71":{"start":{"line":116,"column":4},"end":{"line":116,"column":47}},"72":{"start":{"line":118,"column":2},"end":{"line":118,"column":16}},"73":{"start":{"line":121,"column":0},"end":{"line":121,"column":29}}},"branchMap":{"1":{"line":15,"type":"if","locations":[{"start":{"line":15,"column":2},"end":{"line":15,"column":2}},{"start":{"line":15,"column":2},"end":{"line":15,"column":2}}]},"2":{"line":15,"type":"binary-expr","locations":[{"start":{"line":15,"column":6},"end":{"line":15,"column":28}},{"start":{"line":15,"column":32},"end":{"line":15,"column":57}}]},"3":{"line":18,"type":"if","locations":[{"start":{"line":18,"column":7},"end":{"line":18,"column":7}},{"start":{"line":18,"column":7},"end":{"line":18,"column":7}}]},"4":{"line":18,"type":"binary-expr","locations":[{"start":{"line":18,"column":11},"end":{"line":18,"column":28}},{"start":{"line":18,"column":32},"end":{"line":18,"column":70}}]},"5":{"line":26,"type":"if","locations":[{"start":{"line":26,"column":2},"end":{"line":26,"column":2}},{"start":{"line":26,"column":2},"end":{"line":26,"column":2}}]},"6":{"line":26,"type":"binary-expr","locations":[{"start":{"line":26,"column":6},"end":{"line":26,"column":12}},{"start":{"line":26,"column":16},"end":{"line":26,"column":40}}]},"7":{"line":37,"type":"if","locations":[{"start":{"line":37,"column":4},"end":{"line":37,"column":4}},{"start":{"line":37,"column":4},"end":{"line":37,"column":4}}]},"8":{"line":38,"type":"if","locations":[{"start":{"line":38,"column":6},"end":{"line":38,"column":6}},{"start":{"line":38,"column":6},"end":{"line":38,"column":6}}]},"9":{"line":47,"type":"if","locations":[{"start":{"line":47,"column":4},"end":{"line":47,"column":4}},{"start":{"line":47,"column":4},"end":{"line":47,"column":4}}]},"10":{"line":75,"type":"binary-expr","locations":[{"start":{"line":75,"column":18},"end":{"line":75,"column":21}},{"start":{"line":75,"column":25},"end":{"line":75,"column":27}}]},"11":{"line":76,"type":"binary-expr","locations":[{"start":{"line":76,"column":13},"end":{"line":76,"column":16}},{"start":{"line":76,"column":20},"end":{"line":76,"column":22}}]},"12":{"line":81,"type":"cond-expr","locations":[{"start":{"line":81,"column":32},"end":{"line":81,"column":40}},{"start":{"line":81,"column":43},"end":{"line":81,"column":58}}]},"13":{"line":82,"type":"cond-expr","locations":[{"start":{"line":82,"column":43},"end":{"line":82,"column":44}},{"start":{"line":82,"column":47},"end":{"line":82,"column":49}}]},"14":{"line":90,"type":"if","locations":[{"start":{"line":90,"column":2},"end":{"line":90,"column":2}},{"start":{"line":90,"column":2},"end":{"line":90,"column":2}}]},"15":{"line":93,"type":"if","locations":[{"start":{"line":93,"column":2},"end":{"line":93,"column":2}},{"start":{"line":93,"column":2},"end":{"line":93,"column":2}}]},"16":{"line":93,"type":"binary-expr","locations":[{"start":{"line":93,"column":6},"end":{"line":93,"column":15}},{"start":{"line":93,"column":19},"end":{"line":93,"column":53}}]},"17":{"line":96,"type":"if","locations":[{"start":{"line":96,"column":2},"end":{"line":96,"column":2}},{"start":{"line":96,"column":2},"end":{"line":96,"column":2}}]},"18":{"line":100,"type":"if","locations":[{"start":{"line":100,"column":2},"end":{"line":100,"column":2}},{"start":{"line":100,"column":2},"end":{"line":100,"column":2}}]},"19":{"line":109,"type":"if","locations":[{"start":{"line":109,"column":2},"end":{"line":109,"column":2}},{"start":{"line":109,"column":2},"end":{"line":109,"column":2}}]}},"code":["'use strict';","","var isUnitlessNumber = require('react/lib/CSSProperty').isUnitlessNumber;","var hyphenateStyleName = require('react/lib/hyphenateStyleName');","var isArray = Array.isArray;","var keys = Object.keys;","var unsupportedPseudoClasses = require('./unsupportedPseudoClasses');","","var counter = 1;","// Follows syntax at https://developer.mozilla.org/en-US/docs/Web/CSS/content,","// including multiple space separated values.","var unquotedContentValueRegex = /^(normal|none|(\\b(url\\([^)]*\\)|chapter_counter|attr\\([^)]*\\)|(no-)?(open|close)-quote|inherit)((\\b\\s*)|$|\\s+))+)$/;","","function buildRule(result, key, value, selector) {","  if (!isUnitlessNumber[key] && typeof value === 'number') {","    value = '' + value + 'px';","  }","  else if (key === 'content' && !unquotedContentValueRegex.test(value)) {","    value = \"'\" + value.replace(/'/g, \"\\\\'\") + \"'\";","  }","","  result.css += '  ' + hyphenateStyleName(key) + ': ' + value + ';\\n';","}","","function buildRules(result, rules, uniqueKey, selector, maxLength, key) {","  if (!rules || keys(rules).length === 0) {","    return result;","  }","","  var replicatedSelector = replicateSelector(selector, uniqueKey, maxLength, key);","  result.css += replicatedSelector + ' {\\n';","  var styleKeys = keys(rules);","  for (var j = 0, l = styleKeys.length; j < l; j++) {","    var styleKey = styleKeys[j];","    var value = rules[styleKey];","","    if (unsupportedPseudoClasses[styleKey.split('(')[0].trim()]) {","      if (\"production\" !== process.env.NODE_ENV) {","        console.warn('You are trying to use pseudo class ' + styleKey +","        ', which we don\\'t support as this is better implemented using ' +","        'JavaScript.');","      }","","      continue;","    }","","    if (isArray(value)) {","      for (var i = 0, len = value.length; i < len; i++) {","        buildRule(result, styleKey, value[i], selector, maxLength);","      }","    }","    else {","      buildRule(result, styleKey, value, selector, maxLength);","    }","  }","  result.css += '}\\n';","","  return result;","}","","function buildMediaQuery(result, rules, selector, maxLength) {","  result.css += selector + '{\\n';","  var ruleKeys = keys(rules);","  for (var i = 0, l = ruleKeys.length; i < l; i++) {","    var ruleKey = ruleKeys[i];","    var rule = rules[ruleKey];","    var ruleKeySplit = ruleKey.split('_');","    var uniqueKey = ruleKeySplit[ruleKeySplit.length - 1];","    buildRules(result, rule, uniqueKey, '.' + ruleKey, maxLength);","  }","  result.css += '}\\n';","}","","function replicateSelector(selector, uniqueKey, max, key) {","  var maxLength = max || 10;","  var _key = key || '';","  var replicatedSelector = [];","  for (var i = 0; i < maxLength; i++) {","    var newSelector = '';","    for (var j = 0, l2 = i + 1; j < l2; j++) {","      var selectorX = j === 0 ? selector : '.' + uniqueKey;","      newSelector += selectorX + (j !==0 ? j : '');","    }","    replicatedSelector[i] = newSelector + _key;","  }","  return replicatedSelector.join(',');","}","","function buildStyle(result, style, selector, maxLength) {","  if (!style.className) {","    return;","  }","  if (!selector && result.classNames[style.className]) {","    return;","  }","  if (!selector) {","    result.classNames[style.className] = counter++;","    selector = '.' + style.className;","  }","  if (!selector.indexOf('.@media ')) {","    buildMediaQuery(result, style.style, selector.substr(1), maxLength);","  }","  else {","    buildRules(result, style.style, style.uniqueKey, selector, maxLength);","  }","}","","function stylesToCSS(styles, maxLength) {","  if (!isArray(styles)) {","    styles = [styles];","  }","","  var result = {css: '', classNames: {}};","  for (var i = 0, len = styles.length; i < len; i++) {","    var style = styles[i];","    buildStyle(result, style, null, maxLength);","  }","  return result;","}","","module.exports = stylesToCSS;",""],"l":{"3":2,"4":0,"5":0,"6":0,"7":0,"9":0,"12":0,"14":1,"15":0,"16":0,"18":0,"19":0,"22":0,"25":1,"26":0,"27":0,"30":0,"31":0,"32":0,"33":0,"34":0,"35":0,"37":0,"38":0,"39":0,"44":0,"47":0,"48":0,"49":0,"53":0,"56":0,"58":0,"61":1,"62":0,"63":0,"64":0,"65":0,"66":0,"67":0,"68":0,"69":0,"71":0,"74":1,"75":0,"76":0,"77":0,"78":0,"79":0,"80":0,"81":0,"82":0,"84":0,"86":0,"89":1,"90":0,"91":0,"93":0,"94":0,"96":0,"97":0,"98":0,"100":0,"101":0,"104":0,"108":1,"109":0,"110":0,"113":0,"114":0,"115":0,"116":0,"118":0,"121":0}},"/home/travis/build/npmtest/node-npmtest-react-style/node_modules/react-style/lib/unsupportedPseudoClasses.js":{"path":"/home/travis/build/npmtest/node-npmtest-react-style/node_modules/react-style/lib/unsupportedPseudoClasses.js","s":{"1":1,"2":1},"b":{},"f":{},"fnMap":{},"statementMap":{"1":{"start":{"line":6,"column":0},"end":{"line":46,"column":2}},"2":{"start":{"line":48,"column":0},"end":{"line":48,"column":42}}},"branchMap":{},"code":["/**"," * A list of unsupported pseudo classes"," */","'use strict';","","var unsupportedPseudoClasses = {","  ':active': true,","  ':checked': true,","  ':default': true,","  ':dir': true,","  ':disabled': true,","  ':empty': true,","  ':enabled': true,","  ':first': true,","  ':first-child': true,","  ':first-of-type': true,","  ':fullscreen': true,","  ':focus': true,","  ':hover': true,","  ':indeterminate': true,","  ':in-range': true,","  ':invalid': true,","  ':lang': true,","  ':last-child': true,","  ':last-of-type': true,","  ':left': true,","  ':link': true,","  ':not': true,","  ':nth-child': true,","  ':nth-last-child': true,","  ':nth-last-of-type': true,","  ':nth-of-type': true,","  ':only-child': true,","  ':only-of-type': true,","  ':optional': true,","  ':out-of-range': true,","  ':read-only': true,","  ':read-write': true,","  ':required': true,","  ':right': true,","  ':root': true,","  ':scope': true,","  ':target': true,","  ':valid': true,","  ':visited': true","};","","module.exports = unsupportedPseudoClasses;",""],"l":{"6":1,"48":1}}}